<?xml version="1.0" encoding="UTF-8"?>
<testsuite xmlns:xsi="http://www.w3.org/2001/XMLSchema-instance" xsi:noNamespaceSchemaLocation="https://maven.apache.org/surefire/maven-surefire-plugin/xsd/surefire-test-report-3.0.xsd" version="3.0" name="com.example.Bug.Tracker.Backend.TicketResourceTest" time="0.967" tests="22" errors="0" skipped="0" failures="0">
  <properties>
[...]
</properties>
  <testcase name="TicketResource_CreateTicket_NonDeveloperMember" classname="com.example.Bug.Tracker.Backend.TicketResourceTest" time="0.03">
    <system-out><![CDATA[2024-08-31T18:28:00.519-04:00  INFO 1368 --- [           main] t.c.s.AnnotationConfigContextLoaderUtils : Could not detect default configuration classes for test class [com.example.Bug.Tracker.Backend.TicketResourceTest]: TicketResourceTest does not declare any static, non-private, non-final, nested classes annotated with @Configuration.
2024-08-31T18:28:00.526-04:00  INFO 1368 --- [           main] .b.t.c.SpringBootTestContextBootstrapper : Found @SpringBootConfiguration com.example.Bug.Tracker.Backend.BugTrackerBackendApplication for test class com.example.Bug.Tracker.Backend.TicketResourceTest
2024-08-31T18:28:00.605-04:00  INFO 1368 --- [           main] o.s.b.d.r.RestartApplicationListener     : Restart disabled due to context in which it is running

  .   ____          _            __ _ _
 /\\ / ___'_ __ _ _(_)_ __  __ _ \ \ \ \
( ( )\___ | '_ | '_| | '_ \/ _` | \ \ \ \
 \\/  ___)| |_)| | | | | || (_| |  ) ) ) )
  '  |____| .__|_| |_|_| |_\__, | / / / /
 =========|_|==============|___/=/_/_/_/
 :: Spring Boot ::                (v3.2.1)

2024-08-31T18:28:00.644-04:00  INFO 1368 --- [           main] c.e.B.T.Backend.TicketResourceTest       : Starting TicketResourceTest using Java 19.0.2 with PID 1368 (started by luisa in C:\Users\luisa\Downloads\Bug-Tracker-Backend)
2024-08-31T18:28:00.644-04:00  INFO 1368 --- [           main] c.e.B.T.Backend.TicketResourceTest       : The following 1 profile is active: "test"
2024-08-31T18:28:00.958-04:00  INFO 1368 --- [           main] beddedDataSourceBeanFactoryPostProcessor : Replacing 'dataSource' DataSource bean with embedded version
2024-08-31T18:28:01.155-04:00  WARN 1368 --- [           main] .s.s.UserDetailsServiceAutoConfiguration : 

Using generated security password: 5764adcd-8900-4375-86d6-30c085ad1790

This generated password is for development use only. Your security configuration must be updated before running your application in production.

2024-08-31T18:28:01.166-04:00  INFO 1368 --- [           main] o.s.s.web.DefaultSecurityFilterChain     : Will secure any request with [org.springframework.security.web.session.DisableEncodeUrlFilter@1a6ab328, org.springframework.security.web.context.request.async.WebAsyncManagerIntegrationFilter@4e24db00, org.springframework.security.web.context.SecurityContextHolderFilter@5fe7454c, org.springframework.security.web.header.HeaderWriterFilter@7225583d, org.springframework.web.filter.CorsFilter@3a02172a, org.springframework.security.web.csrf.CsrfFilter@76958827, org.springframework.security.web.authentication.logout.LogoutFilter@581da9e6, org.springframework.security.web.authentication.UsernamePasswordAuthenticationFilter@3ea95f79, org.springframework.security.web.authentication.ui.DefaultLoginPageGeneratingFilter@71c1e70f, org.springframework.security.web.authentication.ui.DefaultLogoutPageGeneratingFilter@452d4bb2, org.springframework.security.web.authentication.www.BasicAuthenticationFilter@bce93d3, org.springframework.security.web.savedrequest.RequestCacheAwareFilter@5e92a27, org.springframework.security.web.servletapi.SecurityContextHolderAwareRequestFilter@297db6ad, org.springframework.security.web.authentication.AnonymousAuthenticationFilter@a1143cc, org.springframework.security.web.access.ExceptionTranslationFilter@495cac83, org.springframework.security.web.access.intercept.AuthorizationFilter@6296c184]
2024-08-31T18:28:01.175-04:00  INFO 1368 --- [           main] o.s.b.t.m.w.SpringBootMockServletContext : Initializing Spring TestDispatcherServlet ''
2024-08-31T18:28:01.175-04:00  INFO 1368 --- [           main] o.s.t.web.servlet.TestDispatcherServlet  : Initializing Servlet ''
2024-08-31T18:28:01.175-04:00  INFO 1368 --- [           main] o.s.t.web.servlet.TestDispatcherServlet  : Completed initialization in 0 ms
2024-08-31T18:28:01.178-04:00  INFO 1368 --- [           main] o.s.j.d.e.EmbeddedDatabaseFactory        : Starting embedded database: url='jdbc:h2:mem:52038b22-f978-44f5-8549-9fc8afa0a675;DB_CLOSE_DELAY=-1;DB_CLOSE_ON_EXIT=false', username='sa'
2024-08-31T18:28:01.184-04:00  INFO 1368 --- [           main] c.e.B.T.Backend.TicketResourceTest       : Started TicketResourceTest in 0.58 seconds (process running for 10.838)
{"ticketTitle":"Test ticket","ticketDescription":"Test Desc","developerId":2,"submitterId":0,"projectId":0,"priority":0,"status":0,"type":"Bug","createdDate":null,"ticketHistory":[],"ticketComments":[],"uploadedFiles":[],"files":[],"project":0}
2024-08-31T18:28:01.199-04:00 DEBUG 1368 --- [           main] w.c.HttpSessionSecurityContextRepository : Created HttpSession as SecurityContext is non-default
2024-08-31T18:28:01.200-04:00 DEBUG 1368 --- [           main] w.c.HttpSessionSecurityContextRepository : Stored SecurityContextImpl [Authentication=UsernamePasswordAuthenticationToken [Principal=org.springframework.security.core.userdetails.User [Username=User, Password=[PROTECTED], Enabled=true, AccountNonExpired=true, CredentialsNonExpired=true, AccountNonLocked=true, Granted Authorities=[ROLE_User]], Credentials=[PROTECTED], Authenticated=true, Details=null, Granted Authorities=[ROLE_User]]] to HttpSession [org.springframework.mock.web.MockHttpSession@124e538e]
]]></system-out>
  </testcase>
  <testcase name="TicketResource_CreateTicket_NonUserMember" classname="com.example.Bug.Tracker.Backend.TicketResourceTest" time="0.01">
    <system-out><![CDATA[{"ticketTitle":"Test ticket","ticketDescription":"Test Desc","developerId":2,"submitterId":0,"projectId":0,"priority":0,"status":1,"type":"Bug","createdDate":null,"ticketHistory":[],"ticketComments":[],"uploadedFiles":[],"files":[],"project":0}
2024-08-31T18:28:01.226-04:00 DEBUG 1368 --- [           main] w.c.HttpSessionSecurityContextRepository : Created HttpSession as SecurityContext is non-default
2024-08-31T18:28:01.226-04:00 DEBUG 1368 --- [           main] w.c.HttpSessionSecurityContextRepository : Stored SecurityContextImpl [Authentication=UsernamePasswordAuthenticationToken [Principal=org.springframework.security.core.userdetails.User [Username=User, Password=[PROTECTED], Enabled=true, AccountNonExpired=true, CredentialsNonExpired=true, AccountNonLocked=true, Granted Authorities=[ROLE_User]], Credentials=[PROTECTED], Authenticated=true, Details=null, Granted Authorities=[ROLE_User]]] to HttpSession [org.springframework.mock.web.MockHttpSession@10cb1b89]
]]></system-out>
  </testcase>
  <testcase name="TicketResource_OpenTicket_NonAdmin" classname="com.example.Bug.Tracker.Backend.TicketResourceTest" time="0.009">
    <system-out><![CDATA[{"ticketTitle":null,"ticketDescription":null,"developerId":0,"submitterId":0,"projectId":0,"priority":0,"status":4,"type":null,"createdDate":null,"ticketHistory":[],"ticketComments":[],"uploadedFiles":[],"files":[],"project":0}
2024-08-31T18:28:01.238-04:00 DEBUG 1368 --- [           main] w.c.HttpSessionSecurityContextRepository : Created HttpSession as SecurityContext is non-default
2024-08-31T18:28:01.238-04:00 DEBUG 1368 --- [           main] w.c.HttpSessionSecurityContextRepository : Stored SecurityContextImpl [Authentication=UsernamePasswordAuthenticationToken [Principal=org.springframework.security.core.userdetails.User [Username=User, Password=[PROTECTED], Enabled=true, AccountNonExpired=true, CredentialsNonExpired=true, AccountNonLocked=true, Granted Authorities=[ROLE_User]], Credentials=[PROTECTED], Authenticated=true, Details=null, Granted Authorities=[ROLE_User]]] to HttpSession [org.springframework.mock.web.MockHttpSession@482040a]
]]></system-out>
  </testcase>
  <testcase name="testFile" classname="com.example.Bug.Tracker.Backend.TicketResourceTest" time="0.023">
    <system-out><![CDATA[2024-08-31T18:28:01.252-04:00 DEBUG 1368 --- [           main] w.c.HttpSessionSecurityContextRepository : Created HttpSession as SecurityContext is non-default
2024-08-31T18:28:01.252-04:00 DEBUG 1368 --- [           main] w.c.HttpSessionSecurityContextRepository : Stored SecurityContextImpl [Authentication=UsernamePasswordAuthenticationToken [Principal=org.springframework.security.core.userdetails.User [Username=User, Password=[PROTECTED], Enabled=true, AccountNonExpired=true, CredentialsNonExpired=true, AccountNonLocked=true, Granted Authorities=[ROLE_User]], Credentials=[PROTECTED], Authenticated=true, Details=null, Granted Authorities=[ROLE_User]]] to HttpSession [org.springframework.mock.web.MockHttpSession@27215154]
]]></system-out>
  </testcase>
  <testcase name="TicketResource_OpenTicket" classname="com.example.Bug.Tracker.Backend.TicketResourceTest" time="0.008">
    <system-out><![CDATA[{"ticketTitle":null,"ticketDescription":null,"developerId":0,"submitterId":1,"projectId":0,"priority":2,"status":3,"type":null,"createdDate":null,"ticketHistory":[],"ticketComments":[],"uploadedFiles":[],"files":[],"project":0}
2024-08-31T18:28:01.273-04:00 DEBUG 1368 --- [           main] w.c.HttpSessionSecurityContextRepository : Created HttpSession as SecurityContext is non-default
2024-08-31T18:28:01.274-04:00 DEBUG 1368 --- [           main] w.c.HttpSessionSecurityContextRepository : Stored SecurityContextImpl [Authentication=UsernamePasswordAuthenticationToken [Principal=org.springframework.security.core.userdetails.User [Username=User, Password=[PROTECTED], Enabled=true, AccountNonExpired=true, CredentialsNonExpired=true, AccountNonLocked=true, Granted Authorities=[ROLE_User]], Credentials=[PROTECTED], Authenticated=true, Details=null, Granted Authorities=[ROLE_User]]] to HttpSession [org.springframework.mock.web.MockHttpSession@7d2c9b65]
]]></system-out>
  </testcase>
  <testcase name="TicketResource_UpdateTicket_GroupAdmin" classname="com.example.Bug.Tracker.Backend.TicketResourceTest" time="0.016">
    <system-out><![CDATA[{"developerId":2,"title":"New Title","desc":"New desc","priority":2,"status":1,"bug":"Glitch"}
2024-08-31T18:28:01.286-04:00 DEBUG 1368 --- [           main] w.c.HttpSessionSecurityContextRepository : Created HttpSession as SecurityContext is non-default
2024-08-31T18:28:01.286-04:00 DEBUG 1368 --- [           main] w.c.HttpSessionSecurityContextRepository : Stored SecurityContextImpl [Authentication=UsernamePasswordAuthenticationToken [Principal=org.springframework.security.core.userdetails.User [Username=User, Password=[PROTECTED], Enabled=true, AccountNonExpired=true, CredentialsNonExpired=true, AccountNonLocked=true, Granted Authorities=[ROLE_User]], Credentials=[PROTECTED], Authenticated=true, Details=null, Granted Authorities=[ROLE_User]]] to HttpSession [org.springframework.mock.web.MockHttpSession@6bc45472]
]]></system-out>
  </testcase>
  <testcase name="TicketResource_UpdateTicket" classname="com.example.Bug.Tracker.Backend.TicketResourceTest" time="0.01">
    <system-out><![CDATA[{"developerId":2,"title":"New Title","desc":"New Desc","priority":2,"status":1,"bug":"Glitch"}
2024-08-31T18:28:01.302-04:00 DEBUG 1368 --- [           main] w.c.HttpSessionSecurityContextRepository : Created HttpSession as SecurityContext is non-default
2024-08-31T18:28:01.302-04:00 DEBUG 1368 --- [           main] w.c.HttpSessionSecurityContextRepository : Stored SecurityContextImpl [Authentication=UsernamePasswordAuthenticationToken [Principal=org.springframework.security.core.userdetails.User [Username=User, Password=[PROTECTED], Enabled=true, AccountNonExpired=true, CredentialsNonExpired=true, AccountNonLocked=true, Granted Authorities=[ROLE_User]], Credentials=[PROTECTED], Authenticated=true, Details=null, Granted Authorities=[ROLE_User]]] to HttpSession [org.springframework.mock.web.MockHttpSession@184b24d4]
]]></system-out>
  </testcase>
  <testcase name="TicketResource_DeleteTicket_Admin" classname="com.example.Bug.Tracker.Backend.TicketResourceTest" time="0.008">
    <system-out><![CDATA[{"ticketTitle":null,"ticketDescription":null,"developerId":0,"submitterId":1,"projectId":0,"priority":0,"status":4,"type":null,"createdDate":null,"ticketHistory":[],"ticketComments":[0],"uploadedFiles":[],"files":[],"project":0}
2024-08-31T18:28:01.313-04:00 DEBUG 1368 --- [           main] w.c.HttpSessionSecurityContextRepository : Created HttpSession as SecurityContext is non-default
2024-08-31T18:28:01.313-04:00 DEBUG 1368 --- [           main] w.c.HttpSessionSecurityContextRepository : Stored SecurityContextImpl [Authentication=UsernamePasswordAuthenticationToken [Principal=org.springframework.security.core.userdetails.User [Username=User, Password=[PROTECTED], Enabled=true, AccountNonExpired=true, CredentialsNonExpired=true, AccountNonLocked=true, Granted Authorities=[ROLE_User]], Credentials=[PROTECTED], Authenticated=true, Details=null, Granted Authorities=[ROLE_User]]] to HttpSession [org.springframework.mock.web.MockHttpSession@4e739968]
]]></system-out>
  </testcase>
  <testcase name="TicketResource_DeleteTicket_NoAuthorized" classname="com.example.Bug.Tracker.Backend.TicketResourceTest" time="0.009">
    <system-out><![CDATA[{"ticketTitle":null,"ticketDescription":null,"developerId":0,"submitterId":1,"projectId":0,"priority":0,"status":4,"type":null,"createdDate":null,"ticketHistory":[],"ticketComments":[0],"uploadedFiles":[],"files":[],"project":0}
2024-08-31T18:28:01.323-04:00 DEBUG 1368 --- [           main] w.c.HttpSessionSecurityContextRepository : Created HttpSession as SecurityContext is non-default
2024-08-31T18:28:01.324-04:00 DEBUG 1368 --- [           main] w.c.HttpSessionSecurityContextRepository : Stored SecurityContextImpl [Authentication=UsernamePasswordAuthenticationToken [Principal=org.springframework.security.core.userdetails.User [Username=User, Password=[PROTECTED], Enabled=true, AccountNonExpired=true, CredentialsNonExpired=true, AccountNonLocked=true, Granted Authorities=[ROLE_User]], Credentials=[PROTECTED], Authenticated=true, Details=null, Granted Authorities=[ROLE_User]]] to HttpSession [org.springframework.mock.web.MockHttpSession@35b8b69f]
]]></system-out>
  </testcase>
  <testcase name="TicketResource_UpdateTicket_Admin" classname="com.example.Bug.Tracker.Backend.TicketResourceTest" time="0.011">
    <system-out><![CDATA[{"developerId":2,"title":"New Title","desc":"New Desc","priority":2,"status":1,"bug":"Glitch"}
2024-08-31T18:28:01.334-04:00 DEBUG 1368 --- [           main] w.c.HttpSessionSecurityContextRepository : Created HttpSession as SecurityContext is non-default
2024-08-31T18:28:01.334-04:00 DEBUG 1368 --- [           main] w.c.HttpSessionSecurityContextRepository : Stored SecurityContextImpl [Authentication=UsernamePasswordAuthenticationToken [Principal=org.springframework.security.core.userdetails.User [Username=User, Password=[PROTECTED], Enabled=true, AccountNonExpired=true, CredentialsNonExpired=true, AccountNonLocked=true, Granted Authorities=[ROLE_User]], Credentials=[PROTECTED], Authenticated=true, Details=null, Granted Authorities=[ROLE_User]]] to HttpSession [org.springframework.mock.web.MockHttpSession@69fc5803]
]]></system-out>
  </testcase>
  <testcase name="TicketResource_UpdateTicket_LongTitle" classname="com.example.Bug.Tracker.Backend.TicketResourceTest" time="0.009">
    <system-out><![CDATA[{"developerId":2,"title":"qoeihoqrnkafojwabfonbaofjqofnbqwfqwjb foabfoWBFowbffnqwfqwofnqofbqwogbqo","desc":"New desc","priority":2,"status":1,"bug":"Glitch"}
2024-08-31T18:28:01.348-04:00 DEBUG 1368 --- [           main] w.c.HttpSessionSecurityContextRepository : Created HttpSession as SecurityContext is non-default
2024-08-31T18:28:01.349-04:00 DEBUG 1368 --- [           main] w.c.HttpSessionSecurityContextRepository : Stored SecurityContextImpl [Authentication=UsernamePasswordAuthenticationToken [Principal=org.springframework.security.core.userdetails.User [Username=User, Password=[PROTECTED], Enabled=true, AccountNonExpired=true, CredentialsNonExpired=true, AccountNonLocked=true, Granted Authorities=[ROLE_User]], Credentials=[PROTECTED], Authenticated=true, Details=null, Granted Authorities=[ROLE_User]]] to HttpSession [org.springframework.mock.web.MockHttpSession@78652c15]
2024-08-31T18:28:01.351-04:00  WARN 1368 --- [           main] .w.s.m.s.DefaultHandlerExceptionResolver : Resolved [org.springframework.web.bind.MethodArgumentNotValidException: Validation failed for argument [1] in public org.springframework.http.ResponseEntity<java.lang.Object> com.example.Bug.Tracker.Backend.Tickets.TicketResource.updateTicket(int,com.example.Bug.Tracker.Backend.Tickets.TicketUpdateRequest): [Field error in object 'ticketUpdateRequest' on field 'title': rejected value [qoeihoqrnkafojwabfonbaofjqofnbqwfqwjb foabfoWBFowbffnqwfqwofnqofbqwogbqo]; codes [Size.ticketUpdateRequest.title,Size.title,Size.java.lang.String,Size]; arguments [org.springframework.context.support.DefaultMessageSourceResolvable: codes [ticketUpdateRequest.title,title]; arguments []; default message [title],50,0]; default message [size must be between 0 and 50]] ]
]]></system-out>
  </testcase>
  <testcase name="TicketResource_UpdateTicket_InvalidStatus" classname="com.example.Bug.Tracker.Backend.TicketResourceTest" time="0.009">
    <system-out><![CDATA[{"developerId":2,"title":"New Title","desc":"New Desc","priority":2,"status":4,"bug":"Glitch"}
2024-08-31T18:28:01.361-04:00 DEBUG 1368 --- [           main] w.c.HttpSessionSecurityContextRepository : Created HttpSession as SecurityContext is non-default
2024-08-31T18:28:01.361-04:00 DEBUG 1368 --- [           main] w.c.HttpSessionSecurityContextRepository : Stored SecurityContextImpl [Authentication=UsernamePasswordAuthenticationToken [Principal=org.springframework.security.core.userdetails.User [Username=User, Password=[PROTECTED], Enabled=true, AccountNonExpired=true, CredentialsNonExpired=true, AccountNonLocked=true, Granted Authorities=[ROLE_User]], Credentials=[PROTECTED], Authenticated=true, Details=null, Granted Authorities=[ROLE_User]]] to HttpSession [org.springframework.mock.web.MockHttpSession@5f84e764]
2024-08-31T18:28:01.363-04:00  WARN 1368 --- [           main] .w.s.m.s.DefaultHandlerExceptionResolver : Resolved [org.springframework.web.bind.MethodArgumentNotValidException: Validation failed for argument [1] in public org.springframework.http.ResponseEntity<java.lang.Object> com.example.Bug.Tracker.Backend.Tickets.TicketResource.updateTicket(int,com.example.Bug.Tracker.Backend.Tickets.TicketUpdateRequest): [Field error in object 'ticketUpdateRequest' on field 'status': rejected value [4]; codes [Max.ticketUpdateRequest.status,Max.status,Max.java.lang.Integer,Max]; arguments [org.springframework.context.support.DefaultMessageSourceResolvable: codes [ticketUpdateRequest.status,status]; arguments []; default message [status],3]; default message [must be less than or equal to 3]] ]
]]></system-out>
  </testcase>
  <testcase name="TicketResource_UpdateTicket_Status" classname="com.example.Bug.Tracker.Backend.TicketResourceTest" time="0.01">
    <system-out><![CDATA[{"developerId":2,"title":"New Title","desc":"New Desc","priority":2,"status":2,"bug":"Glitch"}
2024-08-31T18:28:01.371-04:00 DEBUG 1368 --- [           main] w.c.HttpSessionSecurityContextRepository : Created HttpSession as SecurityContext is non-default
2024-08-31T18:28:01.371-04:00 DEBUG 1368 --- [           main] w.c.HttpSessionSecurityContextRepository : Stored SecurityContextImpl [Authentication=UsernamePasswordAuthenticationToken [Principal=org.springframework.security.core.userdetails.User [Username=User, Password=[PROTECTED], Enabled=true, AccountNonExpired=true, CredentialsNonExpired=true, AccountNonLocked=true, Granted Authorities=[ROLE_User]], Credentials=[PROTECTED], Authenticated=true, Details=null, Granted Authorities=[ROLE_User]]] to HttpSession [org.springframework.mock.web.MockHttpSession@49825659]
]]></system-out>
  </testcase>
  <testcase name="TicketResource_DeleteTicket_ProjectOwner" classname="com.example.Bug.Tracker.Backend.TicketResourceTest" time="0.007">
    <system-out><![CDATA[{"ticketTitle":null,"ticketDescription":null,"developerId":0,"submitterId":1,"projectId":0,"priority":0,"status":4,"type":null,"createdDate":null,"ticketHistory":[],"ticketComments":[0],"uploadedFiles":[],"files":[],"project":0}
2024-08-31T18:28:01.382-04:00 DEBUG 1368 --- [           main] w.c.HttpSessionSecurityContextRepository : Created HttpSession as SecurityContext is non-default
2024-08-31T18:28:01.382-04:00 DEBUG 1368 --- [           main] w.c.HttpSessionSecurityContextRepository : Stored SecurityContextImpl [Authentication=UsernamePasswordAuthenticationToken [Principal=org.springframework.security.core.userdetails.User [Username=User, Password=[PROTECTED], Enabled=true, AccountNonExpired=true, CredentialsNonExpired=true, AccountNonLocked=true, Granted Authorities=[ROLE_User]], Credentials=[PROTECTED], Authenticated=true, Details=null, Granted Authorities=[ROLE_User]]] to HttpSession [org.springframework.mock.web.MockHttpSession@74ee8f57]
]]></system-out>
  </testcase>
  <testcase name="TicketResource_DeleteTicket_ProjectAuthorized" classname="com.example.Bug.Tracker.Backend.TicketResourceTest" time="0.018">
    <system-out><![CDATA[{"ticketTitle":null,"ticketDescription":null,"developerId":0,"submitterId":1,"projectId":0,"priority":0,"status":4,"type":null,"createdDate":null,"ticketHistory":[],"ticketComments":[0],"uploadedFiles":[],"files":[],"project":0}
2024-08-31T18:28:01.403-04:00 DEBUG 1368 --- [           main] w.c.HttpSessionSecurityContextRepository : Created HttpSession as SecurityContext is non-default
2024-08-31T18:28:01.403-04:00 DEBUG 1368 --- [           main] w.c.HttpSessionSecurityContextRepository : Stored SecurityContextImpl [Authentication=UsernamePasswordAuthenticationToken [Principal=org.springframework.security.core.userdetails.User [Username=User, Password=[PROTECTED], Enabled=true, AccountNonExpired=true, CredentialsNonExpired=true, AccountNonLocked=true, Granted Authorities=[ROLE_User]], Credentials=[PROTECTED], Authenticated=true, Details=null, Granted Authorities=[ROLE_User]]] to HttpSession [org.springframework.mock.web.MockHttpSession@67954d71]
]]></system-out>
  </testcase>
  <testcase name="TicketResource_CreateTicket_NoProjectFound" classname="com.example.Bug.Tracker.Backend.TicketResourceTest" time="0.009">
    <system-out><![CDATA[{"ticketTitle":"Test ticket","ticketDescription":"Test Desc","developerId":2,"submitterId":0,"projectId":0,"priority":0,"status":0,"type":"Bug","createdDate":null,"ticketHistory":[],"ticketComments":[],"uploadedFiles":[],"files":[],"project":0}
2024-08-31T18:28:01.414-04:00 DEBUG 1368 --- [           main] w.c.HttpSessionSecurityContextRepository : Created HttpSession as SecurityContext is non-default
2024-08-31T18:28:01.415-04:00 DEBUG 1368 --- [           main] w.c.HttpSessionSecurityContextRepository : Stored SecurityContextImpl [Authentication=UsernamePasswordAuthenticationToken [Principal=org.springframework.security.core.userdetails.User [Username=User, Password=[PROTECTED], Enabled=true, AccountNonExpired=true, CredentialsNonExpired=true, AccountNonLocked=true, Granted Authorities=[ROLE_User]], Credentials=[PROTECTED], Authenticated=true, Details=null, Granted Authorities=[ROLE_User]]] to HttpSession [org.springframework.mock.web.MockHttpSession@23471b2f]
]]></system-out>
  </testcase>
  <testcase name="TicketResource_CreateTicket_NonDeveloper" classname="com.example.Bug.Tracker.Backend.TicketResourceTest" time="0.007">
    <system-out><![CDATA[{"ticketTitle":"Test ticket","ticketDescription":"Test Desc","developerId":2,"submitterId":0,"projectId":0,"priority":0,"status":0,"type":"Bug","createdDate":null,"ticketHistory":[],"ticketComments":[],"uploadedFiles":[],"files":[],"project":0}
2024-08-31T18:28:01.424-04:00 DEBUG 1368 --- [           main] w.c.HttpSessionSecurityContextRepository : Created HttpSession as SecurityContext is non-default
2024-08-31T18:28:01.424-04:00 DEBUG 1368 --- [           main] w.c.HttpSessionSecurityContextRepository : Stored SecurityContextImpl [Authentication=UsernamePasswordAuthenticationToken [Principal=org.springframework.security.core.userdetails.User [Username=User, Password=[PROTECTED], Enabled=true, AccountNonExpired=true, CredentialsNonExpired=true, AccountNonLocked=true, Granted Authorities=[ROLE_User]], Credentials=[PROTECTED], Authenticated=true, Details=null, Granted Authorities=[ROLE_User]]] to HttpSession [org.springframework.mock.web.MockHttpSession@25f3207e]
]]></system-out>
  </testcase>
  <testcase name="TicketResource_OpenTicket_AlreadyInProgess" classname="com.example.Bug.Tracker.Backend.TicketResourceTest" time="0.008">
    <system-out><![CDATA[{"ticketTitle":null,"ticketDescription":null,"developerId":0,"submitterId":0,"projectId":0,"priority":0,"status":1,"type":null,"createdDate":null,"ticketHistory":[],"ticketComments":[],"uploadedFiles":[],"files":[],"project":0}
2024-08-31T18:28:01.434-04:00 DEBUG 1368 --- [           main] w.c.HttpSessionSecurityContextRepository : Created HttpSession as SecurityContext is non-default
2024-08-31T18:28:01.434-04:00 DEBUG 1368 --- [           main] w.c.HttpSessionSecurityContextRepository : Stored SecurityContextImpl [Authentication=UsernamePasswordAuthenticationToken [Principal=org.springframework.security.core.userdetails.User [Username=User, Password=[PROTECTED], Enabled=true, AccountNonExpired=true, CredentialsNonExpired=true, AccountNonLocked=true, Granted Authorities=[ROLE_User]], Credentials=[PROTECTED], Authenticated=true, Details=null, Granted Authorities=[ROLE_User]]] to HttpSession [org.springframework.mock.web.MockHttpSession@139a97e7]
]]></system-out>
  </testcase>
  <testcase name="TicketResource_UpdateTicket_NonDeveloper" classname="com.example.Bug.Tracker.Backend.TicketResourceTest" time="0.007">
    <system-out><![CDATA[{"developerId":2,"title":"New Title","desc":"New Desc","priority":2,"status":1,"bug":"Glitch"}
2024-08-31T18:28:01.443-04:00 DEBUG 1368 --- [           main] w.c.HttpSessionSecurityContextRepository : Created HttpSession as SecurityContext is non-default
2024-08-31T18:28:01.443-04:00 DEBUG 1368 --- [           main] w.c.HttpSessionSecurityContextRepository : Stored SecurityContextImpl [Authentication=UsernamePasswordAuthenticationToken [Principal=org.springframework.security.core.userdetails.User [Username=User, Password=[PROTECTED], Enabled=true, AccountNonExpired=true, CredentialsNonExpired=true, AccountNonLocked=true, Granted Authorities=[ROLE_User]], Credentials=[PROTECTED], Authenticated=true, Details=null, Granted Authorities=[ROLE_User]]] to HttpSession [org.springframework.mock.web.MockHttpSession@2ca9e25a]
]]></system-out>
  </testcase>
  <testcase name="TicketResource_DeleteTicket_TicketSubmitter" classname="com.example.Bug.Tracker.Backend.TicketResourceTest" time="0.012">
    <system-out><![CDATA[{"ticketTitle":null,"ticketDescription":null,"developerId":0,"submitterId":0,"projectId":0,"priority":0,"status":4,"type":null,"createdDate":null,"ticketHistory":[],"ticketComments":[0],"uploadedFiles":[],"files":[],"project":0}
2024-08-31T18:28:01.455-04:00 DEBUG 1368 --- [           main] w.c.HttpSessionSecurityContextRepository : Created HttpSession as SecurityContext is non-default
2024-08-31T18:28:01.456-04:00 DEBUG 1368 --- [           main] w.c.HttpSessionSecurityContextRepository : Stored SecurityContextImpl [Authentication=UsernamePasswordAuthenticationToken [Principal=org.springframework.security.core.userdetails.User [Username=User, Password=[PROTECTED], Enabled=true, AccountNonExpired=true, CredentialsNonExpired=true, AccountNonLocked=true, Granted Authorities=[ROLE_User]], Credentials=[PROTECTED], Authenticated=true, Details=null, Granted Authorities=[ROLE_User]]] to HttpSession [org.springframework.mock.web.MockHttpSession@1cad8bce]
]]></system-out>
  </testcase>
  <testcase name="TicketResource_CreateTicket" classname="com.example.Bug.Tracker.Backend.TicketResourceTest" time="0.011">
    <system-out><![CDATA[{"ticketTitle":"Test ticket","ticketDescription":"Test Desc","developerId":2,"submitterId":0,"projectId":0,"priority":0,"status":0,"type":"Bug","createdDate":null,"ticketHistory":[],"ticketComments":[],"uploadedFiles":[],"files":[],"project":0}
2024-08-31T18:28:01.467-04:00 DEBUG 1368 --- [           main] w.c.HttpSessionSecurityContextRepository : Created HttpSession as SecurityContext is non-default
2024-08-31T18:28:01.467-04:00 DEBUG 1368 --- [           main] w.c.HttpSessionSecurityContextRepository : Stored SecurityContextImpl [Authentication=UsernamePasswordAuthenticationToken [Principal=org.springframework.security.core.userdetails.User [Username=User, Password=[PROTECTED], Enabled=true, AccountNonExpired=true, CredentialsNonExpired=true, AccountNonLocked=true, Granted Authorities=[ROLE_User]], Credentials=[PROTECTED], Authenticated=true, Details=null, Granted Authorities=[ROLE_User]]] to HttpSession [org.springframework.mock.web.MockHttpSession@5f6e6902]
]]></system-out>
  </testcase>
  <testcase name="TicketResource_UpdateTicket_NonSubmitter" classname="com.example.Bug.Tracker.Backend.TicketResourceTest" time="0.008">
    <system-out><![CDATA[{"developerId":2,"title":"New Title","desc":"New Desc","priority":2,"status":1,"bug":"Glitch"}
2024-08-31T18:28:01.478-04:00 DEBUG 1368 --- [           main] w.c.HttpSessionSecurityContextRepository : Created HttpSession as SecurityContext is non-default
2024-08-31T18:28:01.478-04:00 DEBUG 1368 --- [           main] w.c.HttpSessionSecurityContextRepository : Stored SecurityContextImpl [Authentication=UsernamePasswordAuthenticationToken [Principal=org.springframework.security.core.userdetails.User [Username=User, Password=[PROTECTED], Enabled=true, AccountNonExpired=true, CredentialsNonExpired=true, AccountNonLocked=true, Granted Authorities=[ROLE_User]], Credentials=[PROTECTED], Authenticated=true, Details=null, Granted Authorities=[ROLE_User]]] to HttpSession [org.springframework.mock.web.MockHttpSession@2298af09]
]]></system-out>
  </testcase>
</testsuite>