<?xml version="1.0" encoding="UTF-8"?>
<testsuite xmlns:xsi="http://www.w3.org/2001/XMLSchema-instance" xsi:noNamespaceSchemaLocation="https://maven.apache.org/surefire/maven-surefire-plugin/xsd/surefire-test-report-3.0.xsd" version="3.0" name="com.example.Bug.Tracker.Backend.TicketCommentResourceTest" time="1.307" tests="4" errors="0" skipped="0" failures="0">
  <properties>
[...]
</properties>
  <testcase name="TicketComment_addComment_NonProjectMember" classname="com.example.Bug.Tracker.Backend.TicketCommentResourceTest" time="0.074">
    <system-out><![CDATA[2024-08-31T18:27:59.201-04:00  INFO 1368 --- [           main] t.c.s.AnnotationConfigContextLoaderUtils : Could not detect default configuration classes for test class [com.example.Bug.Tracker.Backend.TicketCommentResourceTest]: TicketCommentResourceTest does not declare any static, non-private, non-final, nested classes annotated with @Configuration.
2024-08-31T18:27:59.211-04:00  INFO 1368 --- [           main] .b.t.c.SpringBootTestContextBootstrapper : Found @SpringBootConfiguration com.example.Bug.Tracker.Backend.BugTrackerBackendApplication for test class com.example.Bug.Tracker.Backend.TicketCommentResourceTest
2024-08-31T18:27:59.404-04:00  INFO 1368 --- [           main] o.s.b.d.r.RestartApplicationListener     : Restart disabled due to context in which it is running

  .   ____          _            __ _ _
 /\\ / ___'_ __ _ _(_)_ __  __ _ \ \ \ \
( ( )\___ | '_ | '_| | '_ \/ _` | \ \ \ \
 \\/  ___)| |_)| | | | | || (_| |  ) ) ) )
  '  |____| .__|_| |_|_| |_\__, | / / / /
 =========|_|==============|___/=/_/_/_/
 :: Spring Boot ::                (v3.2.1)

2024-08-31T18:27:59.455-04:00  INFO 1368 --- [           main] c.e.B.T.B.TicketCommentResourceTest      : Starting TicketCommentResourceTest using Java 19.0.2 with PID 1368 (started by luisa in C:\Users\luisa\Downloads\Bug-Tracker-Backend)
2024-08-31T18:27:59.455-04:00  INFO 1368 --- [           main] c.e.B.T.B.TicketCommentResourceTest      : The following 1 profile is active: "test"
2024-08-31T18:27:59.858-04:00  INFO 1368 --- [           main] beddedDataSourceBeanFactoryPostProcessor : Replacing 'dataSource' DataSource bean with embedded version
2024-08-31T18:28:00.247-04:00  WARN 1368 --- [           main] .s.s.UserDetailsServiceAutoConfiguration : 

Using generated security password: b988ef87-5eb5-4734-86c8-0bc95e81d0fa

This generated password is for development use only. Your security configuration must be updated before running your application in production.

2024-08-31T18:28:00.278-04:00  INFO 1368 --- [           main] o.s.s.web.DefaultSecurityFilterChain     : Will secure any request with [org.springframework.security.web.session.DisableEncodeUrlFilter@39ff4421, org.springframework.security.web.context.request.async.WebAsyncManagerIntegrationFilter@7a59780b, org.springframework.security.web.context.SecurityContextHolderFilter@37e15055, org.springframework.security.web.header.HeaderWriterFilter@1297cf8, org.springframework.web.filter.CorsFilter@5205b3e2, org.springframework.security.web.csrf.CsrfFilter@f0deba2, org.springframework.security.web.authentication.logout.LogoutFilter@1611ce1c, org.springframework.security.web.authentication.UsernamePasswordAuthenticationFilter@9742012, org.springframework.security.web.authentication.ui.DefaultLoginPageGeneratingFilter@73299197, org.springframework.security.web.authentication.ui.DefaultLogoutPageGeneratingFilter@2802caa2, org.springframework.security.web.authentication.www.BasicAuthenticationFilter@118d7e0e, org.springframework.security.web.savedrequest.RequestCacheAwareFilter@57d1edf0, org.springframework.security.web.servletapi.SecurityContextHolderAwareRequestFilter@39adf4e6, org.springframework.security.web.authentication.AnonymousAuthenticationFilter@6b9f5dcf, org.springframework.security.web.access.ExceptionTranslationFilter@1ddf9fd, org.springframework.security.web.access.intercept.AuthorizationFilter@7fd7965b]
2024-08-31T18:28:00.311-04:00  INFO 1368 --- [           main] o.s.b.t.m.w.SpringBootMockServletContext : Initializing Spring TestDispatcherServlet ''
2024-08-31T18:28:00.311-04:00  INFO 1368 --- [           main] o.s.t.web.servlet.TestDispatcherServlet  : Initializing Servlet ''
2024-08-31T18:28:00.313-04:00  INFO 1368 --- [           main] o.s.t.web.servlet.TestDispatcherServlet  : Completed initialization in 2 ms
2024-08-31T18:28:00.323-04:00  INFO 1368 --- [           main] o.s.j.d.e.EmbeddedDatabaseFactory        : Starting embedded database: url='jdbc:h2:mem:7bb67a82-1b8a-41e9-88e4-71b5de0edb73;DB_CLOSE_DELAY=-1;DB_CLOSE_ON_EXIT=false', username='sa'
2024-08-31T18:28:00.340-04:00  INFO 1368 --- [           main] c.e.B.T.B.TicketCommentResourceTest      : Started TicketCommentResourceTest in 0.937 seconds (process running for 9.994)
{"commentId":0,"ticketid":0,"commenterId":2,"message":"Hello World","created":null}
2024-08-31T18:28:00.382-04:00 DEBUG 1368 --- [           main] w.c.HttpSessionSecurityContextRepository : Created HttpSession as SecurityContext is non-default
2024-08-31T18:28:00.382-04:00 DEBUG 1368 --- [           main] w.c.HttpSessionSecurityContextRepository : Stored SecurityContextImpl [Authentication=UsernamePasswordAuthenticationToken [Principal=org.springframework.security.core.userdetails.User [Username=User, Password=[PROTECTED], Enabled=true, AccountNonExpired=true, CredentialsNonExpired=true, AccountNonLocked=true, Granted Authorities=[ROLE_User]], Credentials=[PROTECTED], Authenticated=true, Details=null, Granted Authorities=[ROLE_User]]] to HttpSession [org.springframework.mock.web.MockHttpSession@622c658d]
]]></system-out>
  </testcase>
  <testcase name="TicketComment_addComment_EmptyMessage" classname="com.example.Bug.Tracker.Backend.TicketCommentResourceTest" time="0.017">
    <system-out><![CDATA[{"commentId":0,"ticketid":0,"commenterId":2,"message":"","created":null}
2024-08-31T18:28:00.437-04:00 DEBUG 1368 --- [           main] w.c.HttpSessionSecurityContextRepository : Created HttpSession as SecurityContext is non-default
2024-08-31T18:28:00.438-04:00 DEBUG 1368 --- [           main] w.c.HttpSessionSecurityContextRepository : Stored SecurityContextImpl [Authentication=UsernamePasswordAuthenticationToken [Principal=org.springframework.security.core.userdetails.User [Username=User, Password=[PROTECTED], Enabled=true, AccountNonExpired=true, CredentialsNonExpired=true, AccountNonLocked=true, Granted Authorities=[ROLE_User]], Credentials=[PROTECTED], Authenticated=true, Details=null, Granted Authorities=[ROLE_User]]] to HttpSession [org.springframework.mock.web.MockHttpSession@6108c962]
2024-08-31T18:28:00.442-04:00  WARN 1368 --- [           main] .w.s.m.s.DefaultHandlerExceptionResolver : Resolved [org.springframework.web.bind.MethodArgumentNotValidException: Validation failed for argument [1] in public org.springframework.http.ResponseEntity<java.lang.Object> com.example.Bug.Tracker.Backend.Tickets.TicketCommentResource.addComment(int,com.example.Bug.Tracker.Backend.Tickets.TicketComment): [Field error in object 'ticketComment' on field 'Message': rejected value []; codes [Size.ticketComment.Message,Size.Message,Size.java.lang.String,Size]; arguments [org.springframework.context.support.DefaultMessageSourceResolvable: codes [ticketComment.Message,Message]; arguments []; default message [Message],2147483647,5]; default message [size must be between 5 and 2147483647]] ]
]]></system-out>
  </testcase>
  <testcase name="TicketComment_addComment" classname="com.example.Bug.Tracker.Backend.TicketCommentResourceTest" time="0.024">
    <system-out><![CDATA[{"commentId":0,"ticketid":0,"commenterId":1,"message":"Hello World","created":null}
2024-08-31T18:28:00.462-04:00 DEBUG 1368 --- [           main] w.c.HttpSessionSecurityContextRepository : Created HttpSession as SecurityContext is non-default
2024-08-31T18:28:00.463-04:00 DEBUG 1368 --- [           main] w.c.HttpSessionSecurityContextRepository : Stored SecurityContextImpl [Authentication=UsernamePasswordAuthenticationToken [Principal=org.springframework.security.core.userdetails.User [Username=User, Password=[PROTECTED], Enabled=true, AccountNonExpired=true, CredentialsNonExpired=true, AccountNonLocked=true, Granted Authorities=[ROLE_User]], Credentials=[PROTECTED], Authenticated=true, Details=null, Granted Authorities=[ROLE_User]]] to HttpSession [org.springframework.mock.web.MockHttpSession@6e95c023]
]]></system-out>
  </testcase>
  <testcase name="TicketComment_addComment_InvalidTicket" classname="com.example.Bug.Tracker.Backend.TicketCommentResourceTest" time="0.022">
    <system-out><![CDATA[{"commentId":0,"ticketid":0,"commenterId":1,"message":"Hello World","created":null}
2024-08-31T18:28:00.492-04:00 DEBUG 1368 --- [           main] w.c.HttpSessionSecurityContextRepository : Created HttpSession as SecurityContext is non-default
2024-08-31T18:28:00.493-04:00 DEBUG 1368 --- [           main] w.c.HttpSessionSecurityContextRepository : Stored SecurityContextImpl [Authentication=UsernamePasswordAuthenticationToken [Principal=org.springframework.security.core.userdetails.User [Username=User, Password=[PROTECTED], Enabled=true, AccountNonExpired=true, CredentialsNonExpired=true, AccountNonLocked=true, Granted Authorities=[ROLE_User]], Credentials=[PROTECTED], Authenticated=true, Details=null, Granted Authorities=[ROLE_User]]] to HttpSession [org.springframework.mock.web.MockHttpSession@10ecf244]
]]></system-out>
  </testcase>
</testsuite>