<?xml version="1.0" encoding="UTF-8"?>
<testsuite xmlns:xsi="http://www.w3.org/2001/XMLSchema-instance" xsi:noNamespaceSchemaLocation="https://maven.apache.org/surefire/maven-surefire-plugin/xsd/surefire-test-report-3.0.xsd" version="3.0" name="com.example.Bug.Tracker.Backend.ProjectResourceTest" time="8.134" tests="35" errors="0" skipped="0" failures="0">
  <properties>
[...]
</properties>
  <testcase name="ProjectResource_AddUser_UserNotFound" classname="com.example.Bug.Tracker.Backend.ProjectResourceTest" time="0.251">
    <system-out><![CDATA[18:27:51.281 [main] INFO org.springframework.test.context.support.AnnotationConfigContextLoaderUtils -- Could not detect default configuration classes for test class [com.example.Bug.Tracker.Backend.ProjectResourceTest]: ProjectResourceTest does not declare any static, non-private, non-final, nested classes annotated with @Configuration.
18:27:51.459 [main] INFO org.springframework.boot.test.context.SpringBootTestContextBootstrapper -- Found @SpringBootConfiguration com.example.Bug.Tracker.Backend.BugTrackerBackendApplication for test class com.example.Bug.Tracker.Backend.ProjectResourceTest
18:27:52.810 [main] INFO org.springframework.boot.devtools.restart.RestartApplicationListener -- Restart disabled due to context in which it is running

  .   ____          _            __ _ _
 /\\ / ___'_ __ _ _(_)_ __  __ _ \ \ \ \
( ( )\___ | '_ | '_| | '_ \/ _` | \ \ \ \
 \\/  ___)| |_)| | | | | || (_| |  ) ) ) )
  '  |____| .__|_| |_|_| |_\__, | / / / /
 =========|_|==============|___/=/_/_/_/
 :: Spring Boot ::                (v3.2.1)

2024-08-31T18:27:53.341-04:00  INFO 1368 --- [           main] c.e.B.T.Backend.ProjectResourceTest      : Starting ProjectResourceTest using Java 19.0.2 with PID 1368 (started by luisa in C:\Users\luisa\Downloads\Bug-Tracker-Backend)
2024-08-31T18:27:53.343-04:00  INFO 1368 --- [           main] c.e.B.T.Backend.ProjectResourceTest      : The following 1 profile is active: "test"
2024-08-31T18:27:54.148-04:00  INFO 1368 --- [           main] beddedDataSourceBeanFactoryPostProcessor : Replacing 'dataSource' DataSource bean with embedded version
2024-08-31T18:27:56.553-04:00  WARN 1368 --- [           main] .s.s.UserDetailsServiceAutoConfiguration : 

Using generated security password: 436effdc-0df6-4f1a-a077-714f52a9de0a

This generated password is for development use only. Your security configuration must be updated before running your application in production.

2024-08-31T18:27:56.832-04:00  INFO 1368 --- [           main] o.s.s.web.DefaultSecurityFilterChain     : Will secure any request with [org.springframework.security.web.session.DisableEncodeUrlFilter@17fb5184, org.springframework.security.web.context.request.async.WebAsyncManagerIntegrationFilter@184bb873, org.springframework.security.web.context.SecurityContextHolderFilter@4a14f7d7, org.springframework.security.web.header.HeaderWriterFilter@6978a32a, org.springframework.web.filter.CorsFilter@696ce057, org.springframework.security.web.csrf.CsrfFilter@691eb389, org.springframework.security.web.authentication.logout.LogoutFilter@5e9f1a4c, org.springframework.security.web.authentication.UsernamePasswordAuthenticationFilter@1e27bb89, org.springframework.security.web.authentication.ui.DefaultLoginPageGeneratingFilter@20d65767, org.springframework.security.web.authentication.ui.DefaultLogoutPageGeneratingFilter@5eba9e41, org.springframework.security.web.authentication.www.BasicAuthenticationFilter@2dbb8da0, org.springframework.security.web.savedrequest.RequestCacheAwareFilter@15ce261, org.springframework.security.web.servletapi.SecurityContextHolderAwareRequestFilter@54c3e686, org.springframework.security.web.authentication.AnonymousAuthenticationFilter@13809363, org.springframework.security.web.access.ExceptionTranslationFilter@237aba92, org.springframework.security.web.access.intercept.AuthorizationFilter@65259737]
2024-08-31T18:27:56.929-04:00  INFO 1368 --- [           main] o.s.b.t.m.w.SpringBootMockServletContext : Initializing Spring TestDispatcherServlet ''
2024-08-31T18:27:56.929-04:00  INFO 1368 --- [           main] o.s.t.web.servlet.TestDispatcherServlet  : Initializing Servlet ''
2024-08-31T18:27:56.932-04:00  INFO 1368 --- [           main] o.s.t.web.servlet.TestDispatcherServlet  : Completed initialization in 2 ms
2024-08-31T18:27:57.102-04:00  INFO 1368 --- [           main] o.s.j.d.e.EmbeddedDatabaseFactory        : Starting embedded database: url='jdbc:h2:mem:0e5f53df-6b41-4678-91e3-53365c961641;DB_CLOSE_DELAY=-1;DB_CLOSE_ON_EXIT=false', username='sa'
2024-08-31T18:27:57.437-04:00  INFO 1368 --- [           main] c.e.B.T.Backend.ProjectResourceTest      : Started ProjectResourceTest in 4.65 seconds (process running for 7.091)
2024-08-31T18:27:57.761-04:00 DEBUG 1368 --- [           main] w.c.HttpSessionSecurityContextRepository : Created HttpSession as SecurityContext is non-default
2024-08-31T18:27:57.762-04:00 DEBUG 1368 --- [           main] w.c.HttpSessionSecurityContextRepository : Stored SecurityContextImpl [Authentication=UsernamePasswordAuthenticationToken [Principal=org.springframework.security.core.userdetails.User [Username=Admin, Password=[PROTECTED], Enabled=true, AccountNonExpired=true, CredentialsNonExpired=true, AccountNonLocked=true, Granted Authorities=[ROLE_Admin]], Credentials=[PROTECTED], Authenticated=true, Details=null, Granted Authorities=[ROLE_Admin]]] to HttpSession [org.springframework.mock.web.MockHttpSession@5b8599c7]
]]></system-out>
  </testcase>
  <testcase name="ProjectResource_CreateProject_NonAdmin" classname="com.example.Bug.Tracker.Backend.ProjectResourceTest" time="0.251">
    <system-out><![CDATA[{"projectId":0,"description":"Project description","projectName":"Project name","tickets":[],"projectOwnerId":0,"userRole":{}}
2024-08-31T18:27:57.952-04:00 DEBUG 1368 --- [           main] w.c.HttpSessionSecurityContextRepository : Created HttpSession as SecurityContext is non-default
2024-08-31T18:27:57.952-04:00 DEBUG 1368 --- [           main] w.c.HttpSessionSecurityContextRepository : Stored SecurityContextImpl [Authentication=UsernamePasswordAuthenticationToken [Principal=org.springframework.security.core.userdetails.User [Username=Admin, Password=[PROTECTED], Enabled=true, AccountNonExpired=true, CredentialsNonExpired=true, AccountNonLocked=true, Granted Authorities=[ROLE_User]], Credentials=[PROTECTED], Authenticated=true, Details=null, Granted Authorities=[ROLE_User]]] to HttpSession [org.springframework.mock.web.MockHttpSession@5bc1903]
2024-08-31T18:27:58.085-04:00 DEBUG 1368 --- [           main] horizationManagerBeforeMethodInterceptor : Authorizing method invocation ReflectiveMethodInvocation: public org.springframework.http.ResponseEntity com.example.Bug.Tracker.Backend.Projects.ProjectResource.createProject(com.example.Bug.Tracker.Backend.Projects.Project); target is of class [com.example.Bug.Tracker.Backend.Projects.ProjectResource]
2024-08-31T18:27:58.137-04:00 DEBUG 1368 --- [           main] horizationManagerBeforeMethodInterceptor : Failed to authorize ReflectiveMethodInvocation: public org.springframework.http.ResponseEntity com.example.Bug.Tracker.Backend.Projects.ProjectResource.createProject(com.example.Bug.Tracker.Backend.Projects.Project); target is of class [com.example.Bug.Tracker.Backend.Projects.ProjectResource] with authorization manager org.springframework.security.config.annotation.method.configuration.DeferringObservationAuthorizationManager@63218586 and decision ExpressionAuthorizationDecision [granted=false, expressionAttribute=hasAnyRole('ROLE_Admin', 'ROLE_Mod')]
]]></system-out>
  </testcase>
  <testcase name="ProjectResource_DeleteProject_Admin" classname="com.example.Bug.Tracker.Backend.ProjectResourceTest" time="0.013">
    <system-out><![CDATA[2024-08-31T18:27:58.157-04:00 DEBUG 1368 --- [           main] w.c.HttpSessionSecurityContextRepository : Created HttpSession as SecurityContext is non-default
2024-08-31T18:27:58.158-04:00 DEBUG 1368 --- [           main] w.c.HttpSessionSecurityContextRepository : Stored SecurityContextImpl [Authentication=UsernamePasswordAuthenticationToken [Principal=org.springframework.security.core.userdetails.User [Username=Admin, Password=[PROTECTED], Enabled=true, AccountNonExpired=true, CredentialsNonExpired=true, AccountNonLocked=true, Granted Authorities=[ROLE_Admin]], Credentials=[PROTECTED], Authenticated=true, Details=null, Granted Authorities=[ROLE_Admin]]] to HttpSession [org.springframework.mock.web.MockHttpSession@304704ae]
]]></system-out>
  </testcase>
  <testcase name="ProjectResource_GetMember_Member" classname="com.example.Bug.Tracker.Backend.ProjectResourceTest" time="0.023">
    <system-out><![CDATA[2024-08-31T18:27:58.181-04:00 DEBUG 1368 --- [           main] w.c.HttpSessionSecurityContextRepository : Created HttpSession as SecurityContext is non-default
2024-08-31T18:27:58.181-04:00 DEBUG 1368 --- [           main] w.c.HttpSessionSecurityContextRepository : Stored SecurityContextImpl [Authentication=UsernamePasswordAuthenticationToken [Principal=org.springframework.security.core.userdetails.User [Username=User, Password=[PROTECTED], Enabled=true, AccountNonExpired=true, CredentialsNonExpired=true, AccountNonLocked=true, Granted Authorities=[ROLE_Admin]], Credentials=[PROTECTED], Authenticated=true, Details=null, Granted Authorities=[ROLE_Admin]]] to HttpSession [org.springframework.mock.web.MockHttpSession@71e9640]
Response GetMember: {"id":0,"username":"Admin","role":"Admin"}
]]></system-out>
  </testcase>
  <testcase name="ProjectResource_ChangeProjectName" classname="com.example.Bug.Tracker.Backend.ProjectResourceTest" time="0.097">
    <system-out><![CDATA[{"projectId":0,"description":null,"projectName":"Sweet child o mine","tickets":[],"projectOwnerId":0,"userRole":{}}
2024-08-31T18:27:58.213-04:00 DEBUG 1368 --- [           main] w.c.HttpSessionSecurityContextRepository : Created HttpSession as SecurityContext is non-default
2024-08-31T18:27:58.213-04:00 DEBUG 1368 --- [           main] w.c.HttpSessionSecurityContextRepository : Stored SecurityContextImpl [Authentication=UsernamePasswordAuthenticationToken [Principal=org.springframework.security.core.userdetails.User [Username=Admin, Password=[PROTECTED], Enabled=true, AccountNonExpired=true, CredentialsNonExpired=true, AccountNonLocked=true, Granted Authorities=[ROLE_Admin]], Credentials=[PROTECTED], Authenticated=true, Details=null, Granted Authorities=[ROLE_Admin]]] to HttpSession [org.springframework.mock.web.MockHttpSession@5608e254]
]]></system-out>
  </testcase>
  <testcase name="ProjectResource_ChangeRole_InvalidRole" classname="com.example.Bug.Tracker.Backend.ProjectResourceTest" time="0.026">
    <system-out><![CDATA[2024-08-31T18:27:58.320-04:00 DEBUG 1368 --- [           main] w.c.HttpSessionSecurityContextRepository : Created HttpSession as SecurityContext is non-default
2024-08-31T18:27:58.321-04:00 DEBUG 1368 --- [           main] w.c.HttpSessionSecurityContextRepository : Stored SecurityContextImpl [Authentication=UsernamePasswordAuthenticationToken [Principal=org.springframework.security.core.userdetails.User [Username=Admin, Password=[PROTECTED], Enabled=true, AccountNonExpired=true, CredentialsNonExpired=true, AccountNonLocked=true, Granted Authorities=[ROLE_Admin]], Credentials=[PROTECTED], Authenticated=true, Details=null, Granted Authorities=[ROLE_Admin]]] to HttpSession [org.springframework.mock.web.MockHttpSession@75caecf7]
]]></system-out>
  </testcase>
  <testcase name="ProjectResource_KickUser" classname="com.example.Bug.Tracker.Backend.ProjectResourceTest" time="0.022">
    <system-out><![CDATA[true
2024-08-31T18:27:58.357-04:00 DEBUG 1368 --- [           main] w.c.HttpSessionSecurityContextRepository : Created HttpSession as SecurityContext is non-default
2024-08-31T18:27:58.357-04:00 DEBUG 1368 --- [           main] w.c.HttpSessionSecurityContextRepository : Stored SecurityContextImpl [Authentication=UsernamePasswordAuthenticationToken [Principal=org.springframework.security.core.userdetails.User [Username=Admin, Password=[PROTECTED], Enabled=true, AccountNonExpired=true, CredentialsNonExpired=true, AccountNonLocked=true, Granted Authorities=[ROLE_User]], Credentials=[PROTECTED], Authenticated=true, Details=null, Granted Authorities=[ROLE_User]]] to HttpSession [org.springframework.mock.web.MockHttpSession@3b62c51e]
]]></system-out>
  </testcase>
  <testcase name="ProjectResource_GetMember_Admin" classname="com.example.Bug.Tracker.Backend.ProjectResourceTest" time="0.022">
    <system-out><![CDATA[2024-08-31T18:27:58.383-04:00 DEBUG 1368 --- [           main] w.c.HttpSessionSecurityContextRepository : Created HttpSession as SecurityContext is non-default
2024-08-31T18:27:58.383-04:00 DEBUG 1368 --- [           main] w.c.HttpSessionSecurityContextRepository : Stored SecurityContextImpl [Authentication=UsernamePasswordAuthenticationToken [Principal=org.springframework.security.core.userdetails.User [Username=User, Password=[PROTECTED], Enabled=true, AccountNonExpired=true, CredentialsNonExpired=true, AccountNonLocked=true, Granted Authorities=[ROLE_Admin]], Credentials=[PROTECTED], Authenticated=true, Details=null, Granted Authorities=[ROLE_Admin]]] to HttpSession [org.springframework.mock.web.MockHttpSession@5980e29f]
Response: {"id":0,"username":null,"role":"Admin"}
]]></system-out>
  </testcase>
  <testcase name="ProjectResource_GetMembers_NonMember" classname="com.example.Bug.Tracker.Backend.ProjectResourceTest" time="0.023">
    <system-out><![CDATA[2024-08-31T18:27:58.407-04:00 DEBUG 1368 --- [           main] w.c.HttpSessionSecurityContextRepository : Created HttpSession as SecurityContext is non-default
2024-08-31T18:27:58.407-04:00 DEBUG 1368 --- [           main] w.c.HttpSessionSecurityContextRepository : Stored SecurityContextImpl [Authentication=UsernamePasswordAuthenticationToken [Principal=org.springframework.security.core.userdetails.User [Username=User, Password=[PROTECTED], Enabled=true, AccountNonExpired=true, CredentialsNonExpired=true, AccountNonLocked=true, Granted Authorities=[ROLE_User]], Credentials=[PROTECTED], Authenticated=true, Details=null, Granted Authorities=[ROLE_User]]] to HttpSession [org.springframework.mock.web.MockHttpSession@3052395d]
Response: 
]]></system-out>
  </testcase>
  <testcase name="ProjectResource_GetMembers_Admin" classname="com.example.Bug.Tracker.Backend.ProjectResourceTest" time="0.023">
    <system-out><![CDATA[2024-08-31T18:27:58.438-04:00 DEBUG 1368 --- [           main] w.c.HttpSessionSecurityContextRepository : Created HttpSession as SecurityContext is non-default
2024-08-31T18:27:58.439-04:00 DEBUG 1368 --- [           main] w.c.HttpSessionSecurityContextRepository : Stored SecurityContextImpl [Authentication=UsernamePasswordAuthenticationToken [Principal=org.springframework.security.core.userdetails.User [Username=User, Password=[PROTECTED], Enabled=true, AccountNonExpired=true, CredentialsNonExpired=true, AccountNonLocked=true, Granted Authorities=[ROLE_Admin]], Credentials=[PROTECTED], Authenticated=true, Details=null, Granted Authorities=[ROLE_Admin]]] to HttpSession [org.springframework.mock.web.MockHttpSession@2df24f19]
Response: [{"id":0,"username":null,"role":"Admin"}]
]]></system-out>
  </testcase>
  <testcase name="ProjectResource_DeleteProject_ProjectNotFound" classname="com.example.Bug.Tracker.Backend.ProjectResourceTest" time="0.018">
    <system-out><![CDATA[2024-08-31T18:27:58.467-04:00 DEBUG 1368 --- [           main] w.c.HttpSessionSecurityContextRepository : Created HttpSession as SecurityContext is non-default
2024-08-31T18:27:58.467-04:00 DEBUG 1368 --- [           main] w.c.HttpSessionSecurityContextRepository : Stored SecurityContextImpl [Authentication=UsernamePasswordAuthenticationToken [Principal=org.springframework.security.core.userdetails.User [Username=Admin, Password=[PROTECTED], Enabled=true, AccountNonExpired=true, CredentialsNonExpired=true, AccountNonLocked=true, Granted Authorities=[ROLE_User]], Credentials=[PROTECTED], Authenticated=true, Details=null, Granted Authorities=[ROLE_User]]] to HttpSession [org.springframework.mock.web.MockHttpSession@7bbd944e]
]]></system-out>
  </testcase>
  <testcase name="ProjectResource_KickUser_NoOwnerKick" classname="com.example.Bug.Tracker.Backend.ProjectResourceTest" time="0.018">
    <system-out><![CDATA[2024-08-31T18:27:58.490-04:00 DEBUG 1368 --- [           main] w.c.HttpSessionSecurityContextRepository : Created HttpSession as SecurityContext is non-default
2024-08-31T18:27:58.491-04:00 DEBUG 1368 --- [           main] w.c.HttpSessionSecurityContextRepository : Stored SecurityContextImpl [Authentication=UsernamePasswordAuthenticationToken [Principal=org.springframework.security.core.userdetails.User [Username=Admin, Password=[PROTECTED], Enabled=true, AccountNonExpired=true, CredentialsNonExpired=true, AccountNonLocked=true, Granted Authorities=[ROLE_Admin]], Credentials=[PROTECTED], Authenticated=true, Details=null, Granted Authorities=[ROLE_Admin]]] to HttpSession [org.springframework.mock.web.MockHttpSession@2a6871ad]
]]></system-out>
  </testcase>
  <testcase name="ProjectResource_GetProject_Admin" classname="com.example.Bug.Tracker.Backend.ProjectResourceTest" time="0.015">
    <system-out><![CDATA[2024-08-31T18:27:58.509-04:00 DEBUG 1368 --- [           main] w.c.HttpSessionSecurityContextRepository : Created HttpSession as SecurityContext is non-default
2024-08-31T18:27:58.509-04:00 DEBUG 1368 --- [           main] w.c.HttpSessionSecurityContextRepository : Stored SecurityContextImpl [Authentication=UsernamePasswordAuthenticationToken [Principal=org.springframework.security.core.userdetails.User [Username=Admin, Password=[PROTECTED], Enabled=true, AccountNonExpired=true, CredentialsNonExpired=true, AccountNonLocked=true, Granted Authorities=[ROLE_Admin]], Credentials=[PROTECTED], Authenticated=true, Details=null, Granted Authorities=[ROLE_Admin]]] to HttpSession [org.springframework.mock.web.MockHttpSession@4e8b36af]
]]></system-out>
  </testcase>
  <testcase name="ProjectResource_ChangeRole" classname="com.example.Bug.Tracker.Backend.ProjectResourceTest" time="0.016">
    <system-out><![CDATA[2024-08-31T18:27:58.531-04:00 DEBUG 1368 --- [           main] w.c.HttpSessionSecurityContextRepository : Created HttpSession as SecurityContext is non-default
2024-08-31T18:27:58.532-04:00 DEBUG 1368 --- [           main] w.c.HttpSessionSecurityContextRepository : Stored SecurityContextImpl [Authentication=UsernamePasswordAuthenticationToken [Principal=org.springframework.security.core.userdetails.User [Username=Admin, Password=[PROTECTED], Enabled=true, AccountNonExpired=true, CredentialsNonExpired=true, AccountNonLocked=true, Granted Authorities=[ROLE_Admin]], Credentials=[PROTECTED], Authenticated=true, Details=null, Granted Authorities=[ROLE_Admin]]] to HttpSession [org.springframework.mock.web.MockHttpSession@1db565f2]
]]></system-out>
  </testcase>
  <testcase name="ProjectResource_GetProjects_NonAdmin" classname="com.example.Bug.Tracker.Backend.ProjectResourceTest" time="0.016">
    <system-out><![CDATA[2024-08-31T18:27:58.551-04:00 DEBUG 1368 --- [           main] w.c.HttpSessionSecurityContextRepository : Created HttpSession as SecurityContext is non-default
2024-08-31T18:27:58.551-04:00 DEBUG 1368 --- [           main] w.c.HttpSessionSecurityContextRepository : Stored SecurityContextImpl [Authentication=UsernamePasswordAuthenticationToken [Principal=org.springframework.security.core.userdetails.User [Username=Admin, Password=[PROTECTED], Enabled=true, AccountNonExpired=true, CredentialsNonExpired=true, AccountNonLocked=true, Granted Authorities=[ROLE_User]], Credentials=[PROTECTED], Authenticated=true, Details=null, Granted Authorities=[ROLE_User]]] to HttpSession [org.springframework.mock.web.MockHttpSession@58cd6088]
2024-08-31T18:27:58.552-04:00 DEBUG 1368 --- [           main] horizationManagerBeforeMethodInterceptor : Authorizing method invocation ReflectiveMethodInvocation: public java.util.List com.example.Bug.Tracker.Backend.Projects.ProjectResource.getProjects(); target is of class [com.example.Bug.Tracker.Backend.Projects.ProjectResource]
2024-08-31T18:27:58.554-04:00 DEBUG 1368 --- [           main] horizationManagerBeforeMethodInterceptor : Failed to authorize ReflectiveMethodInvocation: public java.util.List com.example.Bug.Tracker.Backend.Projects.ProjectResource.getProjects(); target is of class [com.example.Bug.Tracker.Backend.Projects.ProjectResource] with authorization manager org.springframework.security.config.annotation.method.configuration.DeferringObservationAuthorizationManager@63218586 and decision ExpressionAuthorizationDecision [granted=false, expressionAttribute=hasAnyRole('ROLE_Admin', 'ROLE_Mod')]
]]></system-out>
  </testcase>
  <testcase name="ProjectResource_DeleteProject_ProjectOwner" classname="com.example.Bug.Tracker.Backend.ProjectResourceTest" time="0.023">
    <system-out><![CDATA[2024-08-31T18:27:58.581-04:00 DEBUG 1368 --- [           main] w.c.HttpSessionSecurityContextRepository : Created HttpSession as SecurityContext is non-default
2024-08-31T18:27:58.581-04:00 DEBUG 1368 --- [           main] w.c.HttpSessionSecurityContextRepository : Stored SecurityContextImpl [Authentication=UsernamePasswordAuthenticationToken [Principal=org.springframework.security.core.userdetails.User [Username=Admin, Password=[PROTECTED], Enabled=true, AccountNonExpired=true, CredentialsNonExpired=true, AccountNonLocked=true, Granted Authorities=[ROLE_User]], Credentials=[PROTECTED], Authenticated=true, Details=null, Granted Authorities=[ROLE_User]]] to HttpSession [org.springframework.mock.web.MockHttpSession@7cf166db]
]]></system-out>
  </testcase>
  <testcase name="ProjectResource_GetProject_NonMember" classname="com.example.Bug.Tracker.Backend.ProjectResourceTest" time="0.023">
    <system-out><![CDATA[2024-08-31T18:27:58.606-04:00 DEBUG 1368 --- [           main] w.c.HttpSessionSecurityContextRepository : Created HttpSession as SecurityContext is non-default
2024-08-31T18:27:58.606-04:00 DEBUG 1368 --- [           main] w.c.HttpSessionSecurityContextRepository : Stored SecurityContextImpl [Authentication=UsernamePasswordAuthenticationToken [Principal=org.springframework.security.core.userdetails.User [Username=Admin, Password=[PROTECTED], Enabled=true, AccountNonExpired=true, CredentialsNonExpired=true, AccountNonLocked=true, Granted Authorities=[ROLE_User]], Credentials=[PROTECTED], Authenticated=true, Details=null, Granted Authorities=[ROLE_User]]] to HttpSession [org.springframework.mock.web.MockHttpSession@73dc7db0]
]]></system-out>
  </testcase>
  <testcase name="ProjectResource_GetProjects" classname="com.example.Bug.Tracker.Backend.ProjectResourceTest" time="0.017">
    <system-out><![CDATA[2024-08-31T18:27:58.629-04:00 DEBUG 1368 --- [           main] w.c.HttpSessionSecurityContextRepository : Created HttpSession as SecurityContext is non-default
2024-08-31T18:27:58.629-04:00 DEBUG 1368 --- [           main] w.c.HttpSessionSecurityContextRepository : Stored SecurityContextImpl [Authentication=UsernamePasswordAuthenticationToken [Principal=org.springframework.security.core.userdetails.User [Username=Admin, Password=[PROTECTED], Enabled=true, AccountNonExpired=true, CredentialsNonExpired=true, AccountNonLocked=true, Granted Authorities=[ROLE_Admin]], Credentials=[PROTECTED], Authenticated=true, Details=null, Granted Authorities=[ROLE_Admin]]] to HttpSession [org.springframework.mock.web.MockHttpSession@1773faf8]
2024-08-31T18:27:58.630-04:00 DEBUG 1368 --- [           main] horizationManagerBeforeMethodInterceptor : Authorizing method invocation ReflectiveMethodInvocation: public java.util.List com.example.Bug.Tracker.Backend.Projects.ProjectResource.getProjects(); target is of class [com.example.Bug.Tracker.Backend.Projects.ProjectResource]
2024-08-31T18:27:58.632-04:00 DEBUG 1368 --- [           main] horizationManagerBeforeMethodInterceptor : Authorized method invocation ReflectiveMethodInvocation: public java.util.List com.example.Bug.Tracker.Backend.Projects.ProjectResource.getProjects(); target is of class [com.example.Bug.Tracker.Backend.Projects.ProjectResource]
]]></system-out>
  </testcase>
  <testcase name="ProjectResource_GetDevelopers" classname="com.example.Bug.Tracker.Backend.ProjectResourceTest" time="0.021">
    <system-out><![CDATA[2024-08-31T18:27:58.659-04:00 DEBUG 1368 --- [           main] w.c.HttpSessionSecurityContextRepository : Created HttpSession as SecurityContext is non-default
2024-08-31T18:27:58.659-04:00 DEBUG 1368 --- [           main] w.c.HttpSessionSecurityContextRepository : Stored SecurityContextImpl [Authentication=UsernamePasswordAuthenticationToken [Principal=org.springframework.security.core.userdetails.User [Username=User, Password=[PROTECTED], Enabled=true, AccountNonExpired=true, CredentialsNonExpired=true, AccountNonLocked=true, Granted Authorities=[ROLE_User]], Credentials=[PROTECTED], Authenticated=true, Details=null, Granted Authorities=[ROLE_User]]] to HttpSession [org.springframework.mock.web.MockHttpSession@1be3e952]
Response: [{"id":0,"username":null,"role":null}]
]]></system-out>
  </testcase>
  <testcase name="ProjectResource_GetAuthorizedMembers_2" classname="com.example.Bug.Tracker.Backend.ProjectResourceTest" time="0.017">
    <system-out><![CDATA[2024-08-31T18:27:58.684-04:00 DEBUG 1368 --- [           main] w.c.HttpSessionSecurityContextRepository : Created HttpSession as SecurityContext is non-default
2024-08-31T18:27:58.685-04:00 DEBUG 1368 --- [           main] w.c.HttpSessionSecurityContextRepository : Stored SecurityContextImpl [Authentication=UsernamePasswordAuthenticationToken [Principal=org.springframework.security.core.userdetails.User [Username=User, Password=[PROTECTED], Enabled=true, AccountNonExpired=true, CredentialsNonExpired=true, AccountNonLocked=true, Granted Authorities=[ROLE_User]], Credentials=[PROTECTED], Authenticated=true, Details=null, Granted Authorities=[ROLE_User]]] to HttpSession [org.springframework.mock.web.MockHttpSession@1516f497]
Response: [{"id":0,"username":null,"role":null},{"id":0,"username":null,"role":null}]
]]></system-out>
  </testcase>
  <testcase name="ProjectResource_CreateProject" classname="com.example.Bug.Tracker.Backend.ProjectResourceTest" time="0.02">
    <system-out><![CDATA[{"projectId":0,"description":"Project description","projectName":"Project name","tickets":[],"projectOwnerId":0,"userRole":{}}
2024-08-31T18:27:58.706-04:00 DEBUG 1368 --- [           main] w.c.HttpSessionSecurityContextRepository : Created HttpSession as SecurityContext is non-default
2024-08-31T18:27:58.706-04:00 DEBUG 1368 --- [           main] w.c.HttpSessionSecurityContextRepository : Stored SecurityContextImpl [Authentication=UsernamePasswordAuthenticationToken [Principal=org.springframework.security.core.userdetails.User [Username=Admin, Password=[PROTECTED], Enabled=true, AccountNonExpired=true, CredentialsNonExpired=true, AccountNonLocked=true, Granted Authorities=[ROLE_Admin]], Credentials=[PROTECTED], Authenticated=true, Details=null, Granted Authorities=[ROLE_Admin]]] to HttpSession [org.springframework.mock.web.MockHttpSession@35b38986]
2024-08-31T18:27:58.708-04:00 DEBUG 1368 --- [           main] horizationManagerBeforeMethodInterceptor : Authorizing method invocation ReflectiveMethodInvocation: public org.springframework.http.ResponseEntity com.example.Bug.Tracker.Backend.Projects.ProjectResource.createProject(com.example.Bug.Tracker.Backend.Projects.Project); target is of class [com.example.Bug.Tracker.Backend.Projects.ProjectResource]
2024-08-31T18:27:58.710-04:00 DEBUG 1368 --- [           main] horizationManagerBeforeMethodInterceptor : Authorized method invocation ReflectiveMethodInvocation: public org.springframework.http.ResponseEntity com.example.Bug.Tracker.Backend.Projects.ProjectResource.createProject(com.example.Bug.Tracker.Backend.Projects.Project); target is of class [com.example.Bug.Tracker.Backend.Projects.ProjectResource]
]]></system-out>
  </testcase>
  <testcase name="ProjectResource_AddUser" classname="com.example.Bug.Tracker.Backend.ProjectResourceTest" time="0.016">
    <system-out><![CDATA[2024-08-31T18:27:58.734-04:00 DEBUG 1368 --- [           main] w.c.HttpSessionSecurityContextRepository : Created HttpSession as SecurityContext is non-default
2024-08-31T18:27:58.734-04:00 DEBUG 1368 --- [           main] w.c.HttpSessionSecurityContextRepository : Stored SecurityContextImpl [Authentication=UsernamePasswordAuthenticationToken [Principal=org.springframework.security.core.userdetails.User [Username=Admin, Password=[PROTECTED], Enabled=true, AccountNonExpired=true, CredentialsNonExpired=true, AccountNonLocked=true, Granted Authorities=[ROLE_Admin]], Credentials=[PROTECTED], Authenticated=true, Details=null, Granted Authorities=[ROLE_Admin]]] to HttpSession [org.springframework.mock.web.MockHttpSession@4cf1ec2]
]]></system-out>
  </testcase>
  <testcase name="ProjectResource_GetMembers_Member" classname="com.example.Bug.Tracker.Backend.ProjectResourceTest" time="0.026">
    <system-out><![CDATA[2024-08-31T18:27:58.760-04:00 DEBUG 1368 --- [           main] w.c.HttpSessionSecurityContextRepository : Created HttpSession as SecurityContext is non-default
2024-08-31T18:27:58.761-04:00 DEBUG 1368 --- [           main] w.c.HttpSessionSecurityContextRepository : Stored SecurityContextImpl [Authentication=UsernamePasswordAuthenticationToken [Principal=org.springframework.security.core.userdetails.User [Username=User, Password=[PROTECTED], Enabled=true, AccountNonExpired=true, CredentialsNonExpired=true, AccountNonLocked=true, Granted Authorities=[ROLE_User]], Credentials=[PROTECTED], Authenticated=true, Details=null, Granted Authorities=[ROLE_User]]] to HttpSession [org.springframework.mock.web.MockHttpSession@5fb0a09e]
Response: [{"id":0,"username":null,"role":"Admin"},{"id":1,"username":null,"role":"User"}]
]]></system-out>
  </testcase>
  <testcase name="ProjectResource_GetAuthorizedMembers" classname="com.example.Bug.Tracker.Backend.ProjectResourceTest" time="0.029">
    <system-out><![CDATA[2024-08-31T18:27:58.795-04:00 DEBUG 1368 --- [           main] w.c.HttpSessionSecurityContextRepository : Created HttpSession as SecurityContext is non-default
2024-08-31T18:27:58.795-04:00 DEBUG 1368 --- [           main] w.c.HttpSessionSecurityContextRepository : Stored SecurityContextImpl [Authentication=UsernamePasswordAuthenticationToken [Principal=org.springframework.security.core.userdetails.User [Username=User, Password=[PROTECTED], Enabled=true, AccountNonExpired=true, CredentialsNonExpired=true, AccountNonLocked=true, Granted Authorities=[ROLE_User]], Credentials=[PROTECTED], Authenticated=true, Details=null, Granted Authorities=[ROLE_User]]] to HttpSession [org.springframework.mock.web.MockHttpSession@7151dd9d]
Response: [{"id":0,"username":null,"role":null}]
]]></system-out>
  </testcase>
  <testcase name="ProjectResource_ChangeRole_InvalidRoleCall" classname="com.example.Bug.Tracker.Backend.ProjectResourceTest" time="0.021">
    <system-out><![CDATA[2024-08-31T18:27:58.824-04:00 DEBUG 1368 --- [           main] w.c.HttpSessionSecurityContextRepository : Created HttpSession as SecurityContext is non-default
2024-08-31T18:27:58.824-04:00 DEBUG 1368 --- [           main] w.c.HttpSessionSecurityContextRepository : Stored SecurityContextImpl [Authentication=UsernamePasswordAuthenticationToken [Principal=org.springframework.security.core.userdetails.User [Username=Admin, Password=[PROTECTED], Enabled=true, AccountNonExpired=true, CredentialsNonExpired=true, AccountNonLocked=true, Granted Authorities=[ROLE_User]], Credentials=[PROTECTED], Authenticated=true, Details=null, Granted Authorities=[ROLE_User]]] to HttpSession [org.springframework.mock.web.MockHttpSession@3358805a]
]]></system-out>
  </testcase>
  <testcase name="ProjectResource_AddUser_UserInProject" classname="com.example.Bug.Tracker.Backend.ProjectResourceTest" time="0.018">
    <system-out><![CDATA[2024-08-31T18:27:58.851-04:00 DEBUG 1368 --- [           main] w.c.HttpSessionSecurityContextRepository : Created HttpSession as SecurityContext is non-default
2024-08-31T18:27:58.852-04:00 DEBUG 1368 --- [           main] w.c.HttpSessionSecurityContextRepository : Stored SecurityContextImpl [Authentication=UsernamePasswordAuthenticationToken [Principal=org.springframework.security.core.userdetails.User [Username=Admin, Password=[PROTECTED], Enabled=true, AccountNonExpired=true, CredentialsNonExpired=true, AccountNonLocked=true, Granted Authorities=[ROLE_Admin]], Credentials=[PROTECTED], Authenticated=true, Details=null, Granted Authorities=[ROLE_Admin]]] to HttpSession [org.springframework.mock.web.MockHttpSession@285ac29]
]]></system-out>
  </testcase>
  <testcase name="ProjectResource_ProjectTickets_NonMember" classname="com.example.Bug.Tracker.Backend.ProjectResourceTest" time="0.019">
    <system-out><![CDATA[2024-08-31T18:27:58.871-04:00 DEBUG 1368 --- [           main] w.c.HttpSessionSecurityContextRepository : Created HttpSession as SecurityContext is non-default
2024-08-31T18:27:58.872-04:00 DEBUG 1368 --- [           main] w.c.HttpSessionSecurityContextRepository : Stored SecurityContextImpl [Authentication=UsernamePasswordAuthenticationToken [Principal=org.springframework.security.core.userdetails.User [Username=Admin, Password=[PROTECTED], Enabled=true, AccountNonExpired=true, CredentialsNonExpired=true, AccountNonLocked=true, Granted Authorities=[ROLE_User]], Credentials=[PROTECTED], Authenticated=true, Details=null, Granted Authorities=[ROLE_User]]] to HttpSession [org.springframework.mock.web.MockHttpSession@69ee0861]
Response: 
]]></system-out>
  </testcase>
  <testcase name="ProjectResource_GetProject_Member" classname="com.example.Bug.Tracker.Backend.ProjectResourceTest" time="0.018">
    <system-out><![CDATA[2024-08-31T18:27:58.899-04:00 DEBUG 1368 --- [           main] w.c.HttpSessionSecurityContextRepository : Created HttpSession as SecurityContext is non-default
2024-08-31T18:27:58.900-04:00 DEBUG 1368 --- [           main] w.c.HttpSessionSecurityContextRepository : Stored SecurityContextImpl [Authentication=UsernamePasswordAuthenticationToken [Principal=org.springframework.security.core.userdetails.User [Username=Admin, Password=[PROTECTED], Enabled=true, AccountNonExpired=true, CredentialsNonExpired=true, AccountNonLocked=true, Granted Authorities=[ROLE_Admin]], Credentials=[PROTECTED], Authenticated=true, Details=null, Granted Authorities=[ROLE_Admin]]] to HttpSession [org.springframework.mock.web.MockHttpSession@2284058a]
]]></system-out>
  </testcase>
  <testcase name="ProjectResource_AddUser_AddingInvalidRole" classname="com.example.Bug.Tracker.Backend.ProjectResourceTest" time="0.023">
    <system-out><![CDATA[2024-08-31T18:27:58.932-04:00 DEBUG 1368 --- [           main] w.c.HttpSessionSecurityContextRepository : Created HttpSession as SecurityContext is non-default
2024-08-31T18:27:58.933-04:00 DEBUG 1368 --- [           main] w.c.HttpSessionSecurityContextRepository : Stored SecurityContextImpl [Authentication=UsernamePasswordAuthenticationToken [Principal=org.springframework.security.core.userdetails.User [Username=Admin, Password=[PROTECTED], Enabled=true, AccountNonExpired=true, CredentialsNonExpired=true, AccountNonLocked=true, Granted Authorities=[ROLE_User]], Credentials=[PROTECTED], Authenticated=true, Details=null, Granted Authorities=[ROLE_User]]] to HttpSession [org.springframework.mock.web.MockHttpSession@202ba60a]
]]></system-out>
  </testcase>
  <testcase name="ProjectResource_CreateProject_ShortProjectName" classname="com.example.Bug.Tracker.Backend.ProjectResourceTest" time="0.049">
    <system-out><![CDATA[{"projectId":0,"description":null,"projectName":"klk","tickets":[],"projectOwnerId":0,"userRole":{}}
2024-08-31T18:27:58.959-04:00 DEBUG 1368 --- [           main] w.c.HttpSessionSecurityContextRepository : Created HttpSession as SecurityContext is non-default
2024-08-31T18:27:58.959-04:00 DEBUG 1368 --- [           main] w.c.HttpSessionSecurityContextRepository : Stored SecurityContextImpl [Authentication=UsernamePasswordAuthenticationToken [Principal=org.springframework.security.core.userdetails.User [Username=Admin, Password=[PROTECTED], Enabled=true, AccountNonExpired=true, CredentialsNonExpired=true, AccountNonLocked=true, Granted Authorities=[ROLE_Admin]], Credentials=[PROTECTED], Authenticated=true, Details=null, Granted Authorities=[ROLE_Admin]]] to HttpSession [org.springframework.mock.web.MockHttpSession@fe337]
2024-08-31T18:27:58.995-04:00  WARN 1368 --- [           main] .w.s.m.s.DefaultHandlerExceptionResolver : Resolved [org.springframework.web.bind.MethodArgumentNotValidException: Validation failed for argument [0] in public org.springframework.http.ResponseEntity<java.lang.Object> com.example.Bug.Tracker.Backend.Projects.ProjectResource.createProject(com.example.Bug.Tracker.Backend.Projects.Project) with 2 errors: [Field error in object 'project' on field 'projectName': rejected value [klk]; codes [Size.project.projectName,Size.projectName,Size.java.lang.String,Size]; arguments [org.springframework.context.support.DefaultMessageSourceResolvable: codes [project.projectName,projectName]; arguments []; default message [projectName],2147483647,5]; default message [size must be between 5 and 2147483647]] [Field error in object 'project' on field 'description': rejected value [null]; codes [NotNull.project.description,NotNull.description,NotNull.java.lang.String,NotNull]; arguments [org.springframework.context.support.DefaultMessageSourceResolvable: codes [project.description,description]; arguments []; default message [description]]; default message [must not be null]] ]
]]></system-out>
  </testcase>
  <testcase name="ProjectResource_KickUser_NonAdmin" classname="com.example.Bug.Tracker.Backend.ProjectResourceTest" time="0.017">
    <system-out><![CDATA[true
2024-08-31T18:27:59.015-04:00 DEBUG 1368 --- [           main] w.c.HttpSessionSecurityContextRepository : Created HttpSession as SecurityContext is non-default
2024-08-31T18:27:59.015-04:00 DEBUG 1368 --- [           main] w.c.HttpSessionSecurityContextRepository : Stored SecurityContextImpl [Authentication=UsernamePasswordAuthenticationToken [Principal=org.springframework.security.core.userdetails.User [Username=Admin, Password=[PROTECTED], Enabled=true, AccountNonExpired=true, CredentialsNonExpired=true, AccountNonLocked=true, Granted Authorities=[ROLE_User]], Credentials=[PROTECTED], Authenticated=true, Details=null, Granted Authorities=[ROLE_User]]] to HttpSession [org.springframework.mock.web.MockHttpSession@4b1ad751]
]]></system-out>
  </testcase>
  <testcase name="ProjectResource_ChangeProjectName_ShortName" classname="com.example.Bug.Tracker.Backend.ProjectResourceTest" time="0.03">
    <system-out><![CDATA[2024-08-31T18:27:59.031-04:00 DEBUG 1368 --- [           main] w.c.HttpSessionSecurityContextRepository : Created HttpSession as SecurityContext is non-default
2024-08-31T18:27:59.032-04:00 DEBUG 1368 --- [           main] w.c.HttpSessionSecurityContextRepository : Stored SecurityContextImpl [Authentication=UsernamePasswordAuthenticationToken [Principal=org.springframework.security.core.userdetails.User [Username=Admin, Password=[PROTECTED], Enabled=true, AccountNonExpired=true, CredentialsNonExpired=true, AccountNonLocked=true, Granted Authorities=[ROLE_Admin]], Credentials=[PROTECTED], Authenticated=true, Details=null, Granted Authorities=[ROLE_Admin]]] to HttpSession [org.springframework.mock.web.MockHttpSession@20040c6e]
]]></system-out>
  </testcase>
  <testcase name="ProjectResource_ProjectTickets_Member" classname="com.example.Bug.Tracker.Backend.ProjectResourceTest" time="0.035">
    <system-out><![CDATA[2024-08-31T18:27:59.065-04:00 DEBUG 1368 --- [           main] w.c.HttpSessionSecurityContextRepository : Created HttpSession as SecurityContext is non-default
2024-08-31T18:27:59.065-04:00 DEBUG 1368 --- [           main] w.c.HttpSessionSecurityContextRepository : Stored SecurityContextImpl [Authentication=UsernamePasswordAuthenticationToken [Principal=org.springframework.security.core.userdetails.User [Username=Admin, Password=[PROTECTED], Enabled=true, AccountNonExpired=true, CredentialsNonExpired=true, AccountNonLocked=true, Granted Authorities=[ROLE_User]], Credentials=[PROTECTED], Authenticated=true, Details=null, Granted Authorities=[ROLE_User]]] to HttpSession [org.springframework.mock.web.MockHttpSession@4917992b]
Response: [{"ticketTitle":null,"ticketDescription":null,"developerId":0,"submitterId":0,"projectId":0,"priority":0,"status":0,"type":null,"createdDate":null,"ticketHistory":null,"ticketComments":null,"uploadedFiles":null,"files":null,"project":0},{"ticketTitle":null,"ticketDescription":null,"developerId":0,"submitterId":0,"projectId":0,"priority":0,"status":0,"type":null,"createdDate":null,"ticketHistory":null,"ticketComments":null,"uploadedFiles":null,"files":null,"project":0}]
]]></system-out>
  </testcase>
  <testcase name="ProjectResource_DeleteProject_Forbidden" classname="com.example.Bug.Tracker.Backend.ProjectResourceTest" time="0.043">
    <system-out><![CDATA[2024-08-31T18:27:59.136-04:00 DEBUG 1368 --- [           main] w.c.HttpSessionSecurityContextRepository : Created HttpSession as SecurityContext is non-default
2024-08-31T18:27:59.137-04:00 DEBUG 1368 --- [           main] w.c.HttpSessionSecurityContextRepository : Stored SecurityContextImpl [Authentication=UsernamePasswordAuthenticationToken [Principal=org.springframework.security.core.userdetails.User [Username=Admin, Password=[PROTECTED], Enabled=true, AccountNonExpired=true, CredentialsNonExpired=true, AccountNonLocked=true, Granted Authorities=[ROLE_User]], Credentials=[PROTECTED], Authenticated=true, Details=null, Granted Authorities=[ROLE_User]]] to HttpSession [org.springframework.mock.web.MockHttpSession@2f51b100]
]]></system-out>
  </testcase>
  <testcase name="ProjectResource_ProjectTickets_Admin" classname="com.example.Bug.Tracker.Backend.ProjectResourceTest" time="0.026">
    <system-out><![CDATA[2024-08-31T18:27:59.156-04:00 DEBUG 1368 --- [           main] w.c.HttpSessionSecurityContextRepository : Created HttpSession as SecurityContext is non-default
2024-08-31T18:27:59.157-04:00 DEBUG 1368 --- [           main] w.c.HttpSessionSecurityContextRepository : Stored SecurityContextImpl [Authentication=UsernamePasswordAuthenticationToken [Principal=org.springframework.security.core.userdetails.User [Username=Admin, Password=[PROTECTED], Enabled=true, AccountNonExpired=true, CredentialsNonExpired=true, AccountNonLocked=true, Granted Authorities=[ROLE_User]], Credentials=[PROTECTED], Authenticated=true, Details=null, Granted Authorities=[ROLE_User]]] to HttpSession [org.springframework.mock.web.MockHttpSession@6dcdc378]
Response: [{"ticketTitle":null,"ticketDescription":null,"developerId":0,"submitterId":0,"projectId":0,"priority":0,"status":0,"type":null,"createdDate":null,"ticketHistory":null,"ticketComments":null,"uploadedFiles":null,"files":null,"project":0},{"ticketTitle":null,"ticketDescription":null,"developerId":0,"submitterId":0,"projectId":0,"priority":0,"status":0,"type":null,"createdDate":null,"ticketHistory":null,"ticketComments":null,"uploadedFiles":null,"files":null,"project":0}]
]]></system-out>
  </testcase>
</testsuite>