<?xml version="1.0" encoding="UTF-8"?>
<testsuite xmlns:xsi="http://www.w3.org/2001/XMLSchema-instance" xsi:noNamespaceSchemaLocation="https://maven.apache.org/surefire/maven-surefire-plugin/xsd/surefire-test-report-3.0.xsd" version="3.0" name="com.example.Bug.Tracker.Backend.UserResourceTest" time="0.474" tests="11" errors="0" skipped="0" failures="0">
  <properties>
[...]
</properties>
  <testcase name="UserResource_Register_ShortPassword" classname="com.example.Bug.Tracker.Backend.UserResourceTest" time="0.023">
    <system-out><![CDATA[2024-08-31T18:28:01.487-04:00  INFO 1368 --- [           main] t.c.s.AnnotationConfigContextLoaderUtils : Could not detect default configuration classes for test class [com.example.Bug.Tracker.Backend.UserResourceTest]: UserResourceTest does not declare any static, non-private, non-final, nested classes annotated with @Configuration.
2024-08-31T18:28:01.491-04:00  INFO 1368 --- [           main] .b.t.c.SpringBootTestContextBootstrapper : Found @SpringBootConfiguration com.example.Bug.Tracker.Backend.BugTrackerBackendApplication for test class com.example.Bug.Tracker.Backend.UserResourceTest
2024-08-31T18:28:01.495-04:00  INFO 1368 --- [           main] o.s.b.d.r.RestartApplicationListener     : Restart disabled due to context in which it is running

  .   ____          _            __ _ _
 /\\ / ___'_ __ _ _(_)_ __  __ _ \ \ \ \
( ( )\___ | '_ | '_| | '_ \/ _` | \ \ \ \
 \\/  ___)| |_)| | | | | || (_| |  ) ) ) )
  '  |____| .__|_| |_|_| |_\__, | / / / /
 =========|_|==============|___/=/_/_/_/
 :: Spring Boot ::                (v3.2.1)

2024-08-31T18:28:01.523-04:00  INFO 1368 --- [           main] c.e.B.Tracker.Backend.UserResourceTest   : Starting UserResourceTest using Java 19.0.2 with PID 1368 (started by luisa in C:\Users\luisa\Downloads\Bug-Tracker-Backend)
2024-08-31T18:28:01.523-04:00  INFO 1368 --- [           main] c.e.B.Tracker.Backend.UserResourceTest   : The following 1 profile is active: "test"
2024-08-31T18:28:01.663-04:00  INFO 1368 --- [           main] beddedDataSourceBeanFactoryPostProcessor : Replacing 'dataSource' DataSource bean with embedded version
2024-08-31T18:28:01.797-04:00  WARN 1368 --- [           main] .s.s.UserDetailsServiceAutoConfiguration : 

Using generated security password: 93037e36-53c9-4748-acea-e08804d9e329

This generated password is for development use only. Your security configuration must be updated before running your application in production.

2024-08-31T18:28:01.808-04:00  INFO 1368 --- [           main] o.s.s.web.DefaultSecurityFilterChain     : Will secure any request with [org.springframework.security.web.session.DisableEncodeUrlFilter@2a03b87, org.springframework.security.web.context.request.async.WebAsyncManagerIntegrationFilter@6fab0d15, org.springframework.security.web.context.SecurityContextHolderFilter@51535304, org.springframework.security.web.header.HeaderWriterFilter@3d5211ee, org.springframework.web.filter.CorsFilter@4606e1a6, org.springframework.security.web.csrf.CsrfFilter@6208f81c, org.springframework.security.web.authentication.logout.LogoutFilter@526ae1fc, org.springframework.security.web.authentication.UsernamePasswordAuthenticationFilter@426d7d23, org.springframework.security.web.authentication.ui.DefaultLoginPageGeneratingFilter@199dee18, org.springframework.security.web.authentication.ui.DefaultLogoutPageGeneratingFilter@69a8617c, org.springframework.security.web.authentication.www.BasicAuthenticationFilter@478d1193, org.springframework.security.web.savedrequest.RequestCacheAwareFilter@74be992a, org.springframework.security.web.servletapi.SecurityContextHolderAwareRequestFilter@346d441a, org.springframework.security.web.authentication.AnonymousAuthenticationFilter@6ad703cd, org.springframework.security.web.access.ExceptionTranslationFilter@67d4e8f7, org.springframework.security.web.access.intercept.AuthorizationFilter@7a62e096]
2024-08-31T18:28:01.818-04:00  INFO 1368 --- [           main] o.s.b.t.m.w.SpringBootMockServletContext : Initializing Spring TestDispatcherServlet ''
2024-08-31T18:28:01.818-04:00  INFO 1368 --- [           main] o.s.t.web.servlet.TestDispatcherServlet  : Initializing Servlet ''
2024-08-31T18:28:01.818-04:00  INFO 1368 --- [           main] o.s.t.web.servlet.TestDispatcherServlet  : Completed initialization in 0 ms
2024-08-31T18:28:01.821-04:00  INFO 1368 --- [           main] o.s.j.d.e.EmbeddedDatabaseFactory        : Starting embedded database: url='jdbc:h2:mem:d54330f7-e873-4fbc-838f-33550ce048ca;DB_CLOSE_DELAY=-1;DB_CLOSE_ON_EXIT=false', username='sa'
2024-08-31T18:28:01.826-04:00  INFO 1368 --- [           main] c.e.B.Tracker.Backend.UserResourceTest   : Started UserResourceTest in 0.331 seconds (process running for 11.48)
{"id":0,"username":"User","password":"Pe","roles":"User"}
2024-08-31T18:28:01.849-04:00  WARN 1368 --- [           main] .w.s.m.s.DefaultHandlerExceptionResolver : Resolved [org.springframework.web.bind.MethodArgumentNotValidException: Validation failed for argument [0] in public org.springframework.http.ResponseEntity<java.lang.Object> com.example.Bug.Tracker.Backend.User.UserResource.register(com.example.Bug.Tracker.Backend.User.User): [Field error in object 'user' on field 'password': rejected value [Pe]; codes [Size.user.password,Size.password,Size.java.lang.String,Size]; arguments [org.springframework.context.support.DefaultMessageSourceResolvable: codes [user.password,password]; arguments []; default message [password],2147483647,7]; default message [size must be between 7 and 2147483647]] ]
]]></system-out>
  </testcase>
  <testcase name="UserResource_AssignRole_InvalidRole" classname="com.example.Bug.Tracker.Backend.UserResourceTest" time="0.017">
    <system-out><![CDATA[De velda{"id":0,"username":"La creta","password":"Mañilon","roles":"This is not a role"}
2024-08-31T18:28:01.860-04:00 DEBUG 1368 --- [           main] w.c.HttpSessionSecurityContextRepository : Created HttpSession as SecurityContext is non-default
2024-08-31T18:28:01.861-04:00 DEBUG 1368 --- [           main] w.c.HttpSessionSecurityContextRepository : Stored SecurityContextImpl [Authentication=UsernamePasswordAuthenticationToken [Principal=org.springframework.security.core.userdetails.User [Username=Admin, Password=[PROTECTED], Enabled=true, AccountNonExpired=true, CredentialsNonExpired=true, AccountNonLocked=true, Granted Authorities=[ROLE_Admin]], Credentials=[PROTECTED], Authenticated=true, Details=null, Granted Authorities=[ROLE_Admin]]] to HttpSession [org.springframework.mock.web.MockHttpSession@7306f65f]
2024-08-31T18:28:01.866-04:00 DEBUG 1368 --- [           main] horizationManagerBeforeMethodInterceptor : Authorizing method invocation ReflectiveMethodInvocation: public org.springframework.http.ResponseEntity com.example.Bug.Tracker.Backend.User.UserResource.assignUserRole(int,java.lang.String); target is of class [com.example.Bug.Tracker.Backend.User.UserResource]
2024-08-31T18:28:01.867-04:00 DEBUG 1368 --- [           main] horizationManagerBeforeMethodInterceptor : Authorized method invocation ReflectiveMethodInvocation: public org.springframework.http.ResponseEntity com.example.Bug.Tracker.Backend.User.UserResource.assignUserRole(int,java.lang.String); target is of class [com.example.Bug.Tracker.Backend.User.UserResource]
]]></system-out>
  </testcase>
  <testcase name="UserResource_AssignRole" classname="com.example.Bug.Tracker.Backend.UserResourceTest" time="0.02">
    <system-out><![CDATA[2024-08-31T18:28:01.876-04:00 DEBUG 1368 --- [           main] w.c.HttpSessionSecurityContextRepository : Created HttpSession as SecurityContext is non-default
2024-08-31T18:28:01.877-04:00 DEBUG 1368 --- [           main] w.c.HttpSessionSecurityContextRepository : Stored SecurityContextImpl [Authentication=UsernamePasswordAuthenticationToken [Principal=org.springframework.security.core.userdetails.User [Username=Admin, Password=[PROTECTED], Enabled=true, AccountNonExpired=true, CredentialsNonExpired=true, AccountNonLocked=true, Granted Authorities=[ROLE_Admin]], Credentials=[PROTECTED], Authenticated=true, Details=null, Granted Authorities=[ROLE_Admin]]] to HttpSession [org.springframework.mock.web.MockHttpSession@188ccb6c]
2024-08-31T18:28:01.877-04:00 DEBUG 1368 --- [           main] horizationManagerBeforeMethodInterceptor : Authorizing method invocation ReflectiveMethodInvocation: public org.springframework.http.ResponseEntity com.example.Bug.Tracker.Backend.User.UserResource.assignUserRole(int,java.lang.String); target is of class [com.example.Bug.Tracker.Backend.User.UserResource]
2024-08-31T18:28:01.877-04:00 DEBUG 1368 --- [           main] horizationManagerBeforeMethodInterceptor : Authorized method invocation ReflectiveMethodInvocation: public org.springframework.http.ResponseEntity com.example.Bug.Tracker.Backend.User.UserResource.assignUserRole(int,java.lang.String); target is of class [com.example.Bug.Tracker.Backend.User.UserResource]
]]></system-out>
  </testcase>
  <testcase name="UserResource_Register_NonUniqueUsername" classname="com.example.Bug.Tracker.Backend.UserResourceTest" time="0.005">
    <system-out><![CDATA[{"id":0,"username":"User","password":"Perfect","roles":"User"}
]]></system-out>
  </testcase>
  <testcase name="UserResource_deleteUser_2" classname="com.example.Bug.Tracker.Backend.UserResourceTest" time="0.009">
    <system-out><![CDATA[2024-08-31T18:28:01.906-04:00 DEBUG 1368 --- [           main] w.c.HttpSessionSecurityContextRepository : Created HttpSession as SecurityContext is non-default
2024-08-31T18:28:01.907-04:00 DEBUG 1368 --- [           main] w.c.HttpSessionSecurityContextRepository : Stored SecurityContextImpl [Authentication=UsernamePasswordAuthenticationToken [Principal=org.springframework.security.core.userdetails.User [Username=User, Password=[PROTECTED], Enabled=true, AccountNonExpired=true, CredentialsNonExpired=true, AccountNonLocked=true, Granted Authorities=[ROLE_Admin]], Credentials=[PROTECTED], Authenticated=true, Details=null, Granted Authorities=[ROLE_Admin]]] to HttpSession [org.springframework.mock.web.MockHttpSession@4d0d97bb]
2024-08-31T18:28:01.908-04:00 DEBUG 1368 --- [           main] horizationManagerBeforeMethodInterceptor : Authorizing method invocation ReflectiveMethodInvocation: public org.springframework.http.ResponseEntity com.example.Bug.Tracker.Backend.User.UserResource.deleteUser(int); target is of class [com.example.Bug.Tracker.Backend.User.UserResource]
2024-08-31T18:28:01.909-04:00 DEBUG 1368 --- [           main] horizationManagerBeforeMethodInterceptor : Authorized method invocation ReflectiveMethodInvocation: public org.springframework.http.ResponseEntity com.example.Bug.Tracker.Backend.User.UserResource.deleteUser(int); target is of class [com.example.Bug.Tracker.Backend.User.UserResource]
]]></system-out>
  </testcase>
  <testcase name="UserResource_UpdateUser" classname="com.example.Bug.Tracker.Backend.UserResourceTest" time="0.009">
    <system-out><![CDATA[{"id":0,"username":"Changing us","password":"Mañilon","roles":"User"}
2024-08-31T18:28:01.917-04:00 DEBUG 1368 --- [           main] w.c.HttpSessionSecurityContextRepository : Created HttpSession as SecurityContext is non-default
2024-08-31T18:28:01.917-04:00 DEBUG 1368 --- [           main] w.c.HttpSessionSecurityContextRepository : Stored SecurityContextImpl [Authentication=UsernamePasswordAuthenticationToken [Principal=org.springframework.security.core.userdetails.User [Username=La creta, Password=[PROTECTED], Enabled=true, AccountNonExpired=true, CredentialsNonExpired=true, AccountNonLocked=true, Granted Authorities=[ROLE_User]], Credentials=[PROTECTED], Authenticated=true, Details=null, Granted Authorities=[ROLE_User]]] to HttpSession [org.springframework.mock.web.MockHttpSession@60a3a0fa]
]]></system-out>
  </testcase>
  <testcase name="UserResource_deleteUser" classname="com.example.Bug.Tracker.Backend.UserResourceTest" time="0.007">
    <system-out><![CDATA[2024-08-31T18:28:01.925-04:00 DEBUG 1368 --- [           main] w.c.HttpSessionSecurityContextRepository : Created HttpSession as SecurityContext is non-default
2024-08-31T18:28:01.925-04:00 DEBUG 1368 --- [           main] w.c.HttpSessionSecurityContextRepository : Stored SecurityContextImpl [Authentication=UsernamePasswordAuthenticationToken [Principal=org.springframework.security.core.userdetails.User [Username=User, Password=[PROTECTED], Enabled=true, AccountNonExpired=true, CredentialsNonExpired=true, AccountNonLocked=true, Granted Authorities=[ROLE_Admin]], Credentials=[PROTECTED], Authenticated=true, Details=null, Granted Authorities=[ROLE_Admin]]] to HttpSession [org.springframework.mock.web.MockHttpSession@5aad4194]
2024-08-31T18:28:01.926-04:00 DEBUG 1368 --- [           main] horizationManagerBeforeMethodInterceptor : Authorizing method invocation ReflectiveMethodInvocation: public org.springframework.http.ResponseEntity com.example.Bug.Tracker.Backend.User.UserResource.deleteUser(int); target is of class [com.example.Bug.Tracker.Backend.User.UserResource]
2024-08-31T18:28:01.926-04:00 DEBUG 1368 --- [           main] horizationManagerBeforeMethodInterceptor : Authorized method invocation ReflectiveMethodInvocation: public org.springframework.http.ResponseEntity com.example.Bug.Tracker.Backend.User.UserResource.deleteUser(int); target is of class [com.example.Bug.Tracker.Backend.User.UserResource]
]]></system-out>
  </testcase>
  <testcase name="UserResource_update_NonAdminAssign" classname="com.example.Bug.Tracker.Backend.UserResourceTest" time="0.006">
    <system-out><![CDATA[De velda{"id":0,"username":"La creta","password":"Mañilon","roles":"Developer"}
2024-08-31T18:28:01.934-04:00 DEBUG 1368 --- [           main] w.c.HttpSessionSecurityContextRepository : Created HttpSession as SecurityContext is non-default
2024-08-31T18:28:01.935-04:00 DEBUG 1368 --- [           main] w.c.HttpSessionSecurityContextRepository : Stored SecurityContextImpl [Authentication=UsernamePasswordAuthenticationToken [Principal=org.springframework.security.core.userdetails.User [Username=Admin, Password=[PROTECTED], Enabled=true, AccountNonExpired=true, CredentialsNonExpired=true, AccountNonLocked=true, Granted Authorities=[ROLE_Developer]], Credentials=[PROTECTED], Authenticated=true, Details=null, Granted Authorities=[ROLE_Developer]]] to HttpSession [org.springframework.mock.web.MockHttpSession@6d3b59e2]
2024-08-31T18:28:01.936-04:00 DEBUG 1368 --- [           main] horizationManagerBeforeMethodInterceptor : Authorizing method invocation ReflectiveMethodInvocation: public org.springframework.http.ResponseEntity com.example.Bug.Tracker.Backend.User.UserResource.assignUserRole(int,java.lang.String); target is of class [com.example.Bug.Tracker.Backend.User.UserResource]
2024-08-31T18:28:01.936-04:00 DEBUG 1368 --- [           main] horizationManagerBeforeMethodInterceptor : Failed to authorize ReflectiveMethodInvocation: public org.springframework.http.ResponseEntity com.example.Bug.Tracker.Backend.User.UserResource.assignUserRole(int,java.lang.String); target is of class [com.example.Bug.Tracker.Backend.User.UserResource] with authorization manager org.springframework.security.config.annotation.method.configuration.DeferringObservationAuthorizationManager@164dfad2 and decision ExpressionAuthorizationDecision [granted=false, expressionAttribute=hasRole('ROLE_Admin')]
]]></system-out>
  </testcase>
  <testcase name="UserResource_Register_InvalidRole" classname="com.example.Bug.Tracker.Backend.UserResourceTest" time="0.005">
    <system-out><![CDATA[{"id":0,"username":"User","password":"Perfect","roles":"InvalidRole"}
2024-08-31T18:28:01.943-04:00  WARN 1368 --- [           main] .w.s.m.s.DefaultHandlerExceptionResolver : Resolved [org.springframework.web.bind.MethodArgumentNotValidException: Validation failed for argument [0] in public org.springframework.http.ResponseEntity<java.lang.Object> com.example.Bug.Tracker.Backend.User.UserResource.register(com.example.Bug.Tracker.Backend.User.User): [Field error in object 'user' on field 'roles': rejected value [InvalidRole]; codes [ValidRole.user.roles,ValidRole.roles,ValidRole.java.lang.String,ValidRole]; arguments [org.springframework.context.support.DefaultMessageSourceResolvable: codes [user.roles,roles]; arguments []; default message [roles]]; default message [Invalid role]] ]
]]></system-out>
  </testcase>
  <testcase name="UserResource_Register" classname="com.example.Bug.Tracker.Backend.UserResourceTest" time="0.006">
    <system-out><![CDATA[{"id":0,"username":"User","password":"Perfect","roles":"User"}
]]></system-out>
  </testcase>
  <testcase name="UserResource_deleteUser_UserNotFound" classname="com.example.Bug.Tracker.Backend.UserResourceTest" time="0.006">
    <system-out><![CDATA[2024-08-31T18:28:01.955-04:00 DEBUG 1368 --- [           main] w.c.HttpSessionSecurityContextRepository : Created HttpSession as SecurityContext is non-default
2024-08-31T18:28:01.955-04:00 DEBUG 1368 --- [           main] w.c.HttpSessionSecurityContextRepository : Stored SecurityContextImpl [Authentication=UsernamePasswordAuthenticationToken [Principal=org.springframework.security.core.userdetails.User [Username=User, Password=[PROTECTED], Enabled=true, AccountNonExpired=true, CredentialsNonExpired=true, AccountNonLocked=true, Granted Authorities=[ROLE_Admin]], Credentials=[PROTECTED], Authenticated=true, Details=null, Granted Authorities=[ROLE_Admin]]] to HttpSession [org.springframework.mock.web.MockHttpSession@1398e3aa]
2024-08-31T18:28:01.957-04:00 DEBUG 1368 --- [           main] horizationManagerBeforeMethodInterceptor : Authorizing method invocation ReflectiveMethodInvocation: public org.springframework.http.ResponseEntity com.example.Bug.Tracker.Backend.User.UserResource.deleteUser(int); target is of class [com.example.Bug.Tracker.Backend.User.UserResource]
2024-08-31T18:28:01.957-04:00 DEBUG 1368 --- [           main] horizationManagerBeforeMethodInterceptor : Authorized method invocation ReflectiveMethodInvocation: public org.springframework.http.ResponseEntity com.example.Bug.Tracker.Backend.User.UserResource.deleteUser(int); target is of class [com.example.Bug.Tracker.Backend.User.UserResource]
]]></system-out>
  </testcase>
</testsuite>